[INFO] 2020-05-18 19:53:23,411 clases.Checkinout imprimirEnLog - 		Comieza registro de Access_A_Simone: 2020-05-18 19:53:23

[INFO] 2020-05-18 19:53:23,411 clases.Checkinout imprimirEnLog - 		Comieza registro de Access_A_Simone: 2020-05-18 19:53:23

[INFO] 2020-05-18 19:53:23,417 clases.Checkinout imprimirEnLog - --------- INICIA leerDatosAccess() ---------

[INFO] 2020-05-18 19:53:23,417 clases.Checkinout imprimirEnLog - --------- INICIA leerDatosAccess() ---------

[DEBUG] 2020-05-18 19:53:24,102 com.healthmarketscience.jackcess.Index setUnsupportedReason - unsupported collating sort order SortOrder[3082(0)] for text index (Db=CrossChex.mdb;Table=MSysObjects;Index=0), making read-only
[DEBUG] 2020-05-18 19:53:24,102 com.healthmarketscience.jackcess.Index setUnsupportedReason - unsupported collating sort order SortOrder[3082(0)] for text index (Db=CrossChex.mdb;Table=MSysObjects;Index=0), making read-only
[DEBUG] 2020-05-18 19:53:24,123 com.healthmarketscience.jackcess.impl.DatabaseImpl readSystemCatalog - Could not find expected index on table MSysObjects (Db=CrossChex.mdb)
[DEBUG] 2020-05-18 19:53:24,123 com.healthmarketscience.jackcess.impl.DatabaseImpl readSystemCatalog - Could not find expected index on table MSysObjects (Db=CrossChex.mdb)
[DEBUG] 2020-05-18 19:53:24,156 com.healthmarketscience.jackcess.impl.DatabaseImpl readSystemCatalog - Finished reading system catalog.  Tables: [AccessGroup, AccessTime, BasePara, Checkinout, CheckLog, DefineField, Dept, FingerClient, Holiday, LeaveClass, OPClient, OPDept, OPGroup, OPinfo, OPLog, OutProg, Schedule, SchTime, StatItems, Status, TimeTable, UserAutoClass, UserFinger, Userinfo, UserLeave, UserPower, UserShift, UserTempShift, WorkCode, Z_MemAbnor, Z_MemRecord, Z_MemUClass] (Db=CrossChex.mdb)
[DEBUG] 2020-05-18 19:53:24,156 com.healthmarketscience.jackcess.impl.DatabaseImpl readSystemCatalog - Finished reading system catalog.  Tables: [AccessGroup, AccessTime, BasePara, Checkinout, CheckLog, DefineField, Dept, FingerClient, Holiday, LeaveClass, OPClient, OPDept, OPGroup, OPinfo, OPLog, OutProg, Schedule, SchTime, StatItems, Status, TimeTable, UserAutoClass, UserFinger, Userinfo, UserLeave, UserPower, UserShift, UserTempShift, WorkCode, Z_MemAbnor, Z_MemRecord, Z_MemUClass] (Db=CrossChex.mdb)
[WARN] 2020-05-18 19:53:24,817 com.healthmarketscience.jackcess.Index setUnsupportedReason - unsupported collating sort order SortOrder[3082(0)] for text index (Db=CrossChex.mdb;Table=BasePara;Index=0), making read-only
[WARN] 2020-05-18 19:53:24,817 com.healthmarketscience.jackcess.Index setUnsupportedReason - unsupported collating sort order SortOrder[3082(0)] for text index (Db=CrossChex.mdb;Table=BasePara;Index=0), making read-only
[WARN] 2020-05-18 19:53:24,875 com.healthmarketscience.jackcess.Index setUnsupportedReason - unsupported collating sort order SortOrder[3082(0)] for text index (Db=CrossChex.mdb;Table=Dept;Index=0), making read-only
[WARN] 2020-05-18 19:53:24,875 com.healthmarketscience.jackcess.Index setUnsupportedReason - unsupported collating sort order SortOrder[3082(0)] for text index (Db=CrossChex.mdb;Table=Dept;Index=0), making read-only
[WARN] 2020-05-18 19:53:24,896 com.healthmarketscience.jackcess.Index setUnsupportedReason - unsupported collating sort order SortOrder[3082(0)] for text index (Db=CrossChex.mdb;Table=Holiday;Index=0), making read-only
[WARN] 2020-05-18 19:53:24,896 com.healthmarketscience.jackcess.Index setUnsupportedReason - unsupported collating sort order SortOrder[3082(0)] for text index (Db=CrossChex.mdb;Table=Holiday;Index=0), making read-only
[WARN] 2020-05-18 19:53:24,901 com.healthmarketscience.jackcess.Index setUnsupportedReason - unsupported collating sort order SortOrder[3082(0)] for text index (Db=CrossChex.mdb;Table=LeaveClass;Index=0), making read-only
[WARN] 2020-05-18 19:53:24,901 com.healthmarketscience.jackcess.Index setUnsupportedReason - unsupported collating sort order SortOrder[3082(0)] for text index (Db=CrossChex.mdb;Table=LeaveClass;Index=0), making read-only
[WARN] 2020-05-18 19:53:24,924 com.healthmarketscience.jackcess.Index setUnsupportedReason - unsupported collating sort order SortOrder[3082(0)] for text index (Db=CrossChex.mdb;Table=OPinfo;Index=0), making read-only
[WARN] 2020-05-18 19:53:24,924 com.healthmarketscience.jackcess.Index setUnsupportedReason - unsupported collating sort order SortOrder[3082(0)] for text index (Db=CrossChex.mdb;Table=OPinfo;Index=0), making read-only
[WARN] 2020-05-18 19:53:24,946 com.healthmarketscience.jackcess.Index setUnsupportedReason - unsupported collating sort order SortOrder[3082(0)] for text index (Db=CrossChex.mdb;Table=Schedule;Index=0), making read-only
[WARN] 2020-05-18 19:53:24,946 com.healthmarketscience.jackcess.Index setUnsupportedReason - unsupported collating sort order SortOrder[3082(0)] for text index (Db=CrossChex.mdb;Table=Schedule;Index=0), making read-only
[WARN] 2020-05-18 19:53:24,973 com.healthmarketscience.jackcess.Index setUnsupportedReason - unsupported collating sort order SortOrder[3082(0)] for text index (Db=CrossChex.mdb;Table=TimeTable;Index=0), making read-only
[WARN] 2020-05-18 19:53:24,973 com.healthmarketscience.jackcess.Index setUnsupportedReason - unsupported collating sort order SortOrder[3082(0)] for text index (Db=CrossChex.mdb;Table=TimeTable;Index=0), making read-only
[WARN] 2020-05-18 19:53:25,003 com.healthmarketscience.jackcess.Index setUnsupportedReason - unsupported collating sort order SortOrder[3082(0)] for text index (Db=CrossChex.mdb;Table=Userinfo;Index=2), making read-only
[WARN] 2020-05-18 19:53:25,003 com.healthmarketscience.jackcess.Index setUnsupportedReason - unsupported collating sort order SortOrder[3082(0)] for text index (Db=CrossChex.mdb;Table=Userinfo;Index=2), making read-only
[WARN] 2020-05-18 19:53:25,043 com.healthmarketscience.jackcess.Index setUnsupportedReason - unsupported collating sort order SortOrder[3082(0)] for text index (Db=CrossChex.mdb;Table=UserShift;Index=0), making read-only
[WARN] 2020-05-18 19:53:25,043 com.healthmarketscience.jackcess.Index setUnsupportedReason - unsupported collating sort order SortOrder[3082(0)] for text index (Db=CrossChex.mdb;Table=UserShift;Index=0), making read-only
[WARN] 2020-05-18 19:53:25,044 com.healthmarketscience.jackcess.Index setUnsupportedReason - unsupported collating sort order SortOrder[3082(0)] for text index (Db=CrossChex.mdb;Table=UserShift;Index=0), making read-only
[WARN] 2020-05-18 19:53:25,044 com.healthmarketscience.jackcess.Index setUnsupportedReason - unsupported collating sort order SortOrder[3082(0)] for text index (Db=CrossChex.mdb;Table=UserShift;Index=0), making read-only
[WARN] 2020-05-18 19:53:25,051 com.healthmarketscience.jackcess.Index setUnsupportedReason - unsupported collating sort order SortOrder[3082(0)] for text index (Db=CrossChex.mdb;Table=UserTempShift;Index=0), making read-only
[WARN] 2020-05-18 19:53:25,051 com.healthmarketscience.jackcess.Index setUnsupportedReason - unsupported collating sort order SortOrder[3082(0)] for text index (Db=CrossChex.mdb;Table=UserTempShift;Index=0), making read-only
[WARN] 2020-05-18 19:53:25,057 com.healthmarketscience.jackcess.Index setUnsupportedReason - unsupported collating sort order SortOrder[3082(0)] for text index (Db=CrossChex.mdb;Table=WorkCode;Index=0), making read-only
[WARN] 2020-05-18 19:53:25,057 com.healthmarketscience.jackcess.Index setUnsupportedReason - unsupported collating sort order SortOrder[3082(0)] for text index (Db=CrossChex.mdb;Table=WorkCode;Index=0), making read-only
[WARN] 2020-05-18 19:53:25,063 com.healthmarketscience.jackcess.Index setUnsupportedReason - unsupported collating sort order SortOrder[3082(0)] for text index (Db=CrossChex.mdb;Table=Z_MemAbnor;Index=0), making read-only
[WARN] 2020-05-18 19:53:25,063 com.healthmarketscience.jackcess.Index setUnsupportedReason - unsupported collating sort order SortOrder[3082(0)] for text index (Db=CrossChex.mdb;Table=Z_MemAbnor;Index=0), making read-only
[WARN] 2020-05-18 19:53:25,065 com.healthmarketscience.jackcess.Index setUnsupportedReason - unsupported collating sort order SortOrder[3082(0)] for text index (Db=CrossChex.mdb;Table=Z_MemAbnor;Index=1), making read-only
[WARN] 2020-05-18 19:53:25,065 com.healthmarketscience.jackcess.Index setUnsupportedReason - unsupported collating sort order SortOrder[3082(0)] for text index (Db=CrossChex.mdb;Table=Z_MemAbnor;Index=1), making read-only
[WARN] 2020-05-18 19:53:25,075 com.healthmarketscience.jackcess.Index setUnsupportedReason - unsupported collating sort order SortOrder[3082(0)] for text index (Db=CrossChex.mdb;Table=Z_MemRecord;Index=0), making read-only
[WARN] 2020-05-18 19:53:25,075 com.healthmarketscience.jackcess.Index setUnsupportedReason - unsupported collating sort order SortOrder[3082(0)] for text index (Db=CrossChex.mdb;Table=Z_MemRecord;Index=0), making read-only
[WARN] 2020-05-18 19:53:25,083 com.healthmarketscience.jackcess.Index setUnsupportedReason - unsupported collating sort order SortOrder[3082(0)] for text index (Db=CrossChex.mdb;Table=Z_MemUClass;Index=0), making read-only
[WARN] 2020-05-18 19:53:25,083 com.healthmarketscience.jackcess.Index setUnsupportedReason - unsupported collating sort order SortOrder[3082(0)] for text index (Db=CrossChex.mdb;Table=Z_MemUClass;Index=0), making read-only
[WARN] 2020-05-18 19:53:25,083 com.healthmarketscience.jackcess.Index setUnsupportedReason - unsupported collating sort order SortOrder[3082(0)] for text index (Db=CrossChex.mdb;Table=Z_MemUClass;Index=0), making read-only
[WARN] 2020-05-18 19:53:25,083 com.healthmarketscience.jackcess.Index setUnsupportedReason - unsupported collating sort order SortOrder[3082(0)] for text index (Db=CrossChex.mdb;Table=Z_MemUClass;Index=0), making read-only
[WARN] 2020-05-18 19:53:26,104 com.healthmarketscience.jackcess.Index setUnsupportedReason - unsupported collating sort order SortOrder[3082(0)] for text index (Db=CrossChex.mdb;Table=Dept;Index=0), making read-only
[WARN] 2020-05-18 19:53:26,104 com.healthmarketscience.jackcess.Index setUnsupportedReason - unsupported collating sort order SortOrder[3082(0)] for text index (Db=CrossChex.mdb;Table=Dept;Index=0), making read-only
[WARN] 2020-05-18 19:53:26,112 com.healthmarketscience.jackcess.Index setUnsupportedReason - unsupported collating sort order SortOrder[3082(0)] for text index (Db=CrossChex.mdb;Table=Holiday;Index=0), making read-only
[WARN] 2020-05-18 19:53:26,112 com.healthmarketscience.jackcess.Index setUnsupportedReason - unsupported collating sort order SortOrder[3082(0)] for text index (Db=CrossChex.mdb;Table=Holiday;Index=0), making read-only
[WARN] 2020-05-18 19:53:26,112 com.healthmarketscience.jackcess.Index setUnsupportedReason - unsupported collating sort order SortOrder[3082(0)] for text index (Db=CrossChex.mdb;Table=LeaveClass;Index=0), making read-only
[WARN] 2020-05-18 19:53:26,112 com.healthmarketscience.jackcess.Index setUnsupportedReason - unsupported collating sort order SortOrder[3082(0)] for text index (Db=CrossChex.mdb;Table=LeaveClass;Index=0), making read-only
[WARN] 2020-05-18 19:53:26,116 com.healthmarketscience.jackcess.Index setUnsupportedReason - unsupported collating sort order SortOrder[3082(0)] for text index (Db=CrossChex.mdb;Table=OPinfo;Index=0), making read-only
[WARN] 2020-05-18 19:53:26,116 com.healthmarketscience.jackcess.Index setUnsupportedReason - unsupported collating sort order SortOrder[3082(0)] for text index (Db=CrossChex.mdb;Table=OPinfo;Index=0), making read-only
[WARN] 2020-05-18 19:53:26,149 com.healthmarketscience.jackcess.Index setUnsupportedReason - unsupported collating sort order SortOrder[3082(0)] for text index (Db=CrossChex.mdb;Table=Schedule;Index=0), making read-only
[WARN] 2020-05-18 19:53:26,149 com.healthmarketscience.jackcess.Index setUnsupportedReason - unsupported collating sort order SortOrder[3082(0)] for text index (Db=CrossChex.mdb;Table=Schedule;Index=0), making read-only
[WARN] 2020-05-18 19:53:26,158 com.healthmarketscience.jackcess.Index setUnsupportedReason - unsupported collating sort order SortOrder[3082(0)] for text index (Db=CrossChex.mdb;Table=TimeTable;Index=0), making read-only
[WARN] 2020-05-18 19:53:26,158 com.healthmarketscience.jackcess.Index setUnsupportedReason - unsupported collating sort order SortOrder[3082(0)] for text index (Db=CrossChex.mdb;Table=TimeTable;Index=0), making read-only
[WARN] 2020-05-18 19:53:26,269 com.healthmarketscience.jackcess.Index setUnsupportedReason - unsupported collating sort order SortOrder[3082(0)] for text index (Db=CrossChex.mdb;Table=Userinfo;Index=2), making read-only
[WARN] 2020-05-18 19:53:26,269 com.healthmarketscience.jackcess.Index setUnsupportedReason - unsupported collating sort order SortOrder[3082(0)] for text index (Db=CrossChex.mdb;Table=Userinfo;Index=2), making read-only
[WARN] 2020-05-18 19:53:26,328 com.healthmarketscience.jackcess.Index setUnsupportedReason - unsupported collating sort order SortOrder[3082(0)] for text index (Db=CrossChex.mdb;Table=UserShift;Index=0), making read-only
[WARN] 2020-05-18 19:53:26,328 com.healthmarketscience.jackcess.Index setUnsupportedReason - unsupported collating sort order SortOrder[3082(0)] for text index (Db=CrossChex.mdb;Table=UserShift;Index=0), making read-only
[WARN] 2020-05-18 19:53:26,329 com.healthmarketscience.jackcess.Index setUnsupportedReason - unsupported collating sort order SortOrder[3082(0)] for text index (Db=CrossChex.mdb;Table=UserShift;Index=0), making read-only
[WARN] 2020-05-18 19:53:26,329 com.healthmarketscience.jackcess.Index setUnsupportedReason - unsupported collating sort order SortOrder[3082(0)] for text index (Db=CrossChex.mdb;Table=UserShift;Index=0), making read-only
[WARN] 2020-05-18 19:53:26,330 com.healthmarketscience.jackcess.Index setUnsupportedReason - unsupported collating sort order SortOrder[3082(0)] for text index (Db=CrossChex.mdb;Table=UserTempShift;Index=0), making read-only
[WARN] 2020-05-18 19:53:26,330 com.healthmarketscience.jackcess.Index setUnsupportedReason - unsupported collating sort order SortOrder[3082(0)] for text index (Db=CrossChex.mdb;Table=UserTempShift;Index=0), making read-only
[WARN] 2020-05-18 19:53:26,331 com.healthmarketscience.jackcess.Index setUnsupportedReason - unsupported collating sort order SortOrder[3082(0)] for text index (Db=CrossChex.mdb;Table=WorkCode;Index=0), making read-only
[WARN] 2020-05-18 19:53:26,331 com.healthmarketscience.jackcess.Index setUnsupportedReason - unsupported collating sort order SortOrder[3082(0)] for text index (Db=CrossChex.mdb;Table=WorkCode;Index=0), making read-only
[WARN] 2020-05-18 19:53:26,333 com.healthmarketscience.jackcess.Index setUnsupportedReason - unsupported collating sort order SortOrder[3082(0)] for text index (Db=CrossChex.mdb;Table=Z_MemAbnor;Index=0), making read-only
[WARN] 2020-05-18 19:53:26,333 com.healthmarketscience.jackcess.Index setUnsupportedReason - unsupported collating sort order SortOrder[3082(0)] for text index (Db=CrossChex.mdb;Table=Z_MemAbnor;Index=0), making read-only
[WARN] 2020-05-18 19:53:26,334 com.healthmarketscience.jackcess.Index setUnsupportedReason - unsupported collating sort order SortOrder[3082(0)] for text index (Db=CrossChex.mdb;Table=Z_MemAbnor;Index=1), making read-only
[WARN] 2020-05-18 19:53:26,334 com.healthmarketscience.jackcess.Index setUnsupportedReason - unsupported collating sort order SortOrder[3082(0)] for text index (Db=CrossChex.mdb;Table=Z_MemAbnor;Index=1), making read-only
[WARN] 2020-05-18 19:53:26,335 com.healthmarketscience.jackcess.Index setUnsupportedReason - unsupported collating sort order SortOrder[3082(0)] for text index (Db=CrossChex.mdb;Table=Z_MemRecord;Index=0), making read-only
[WARN] 2020-05-18 19:53:26,335 com.healthmarketscience.jackcess.Index setUnsupportedReason - unsupported collating sort order SortOrder[3082(0)] for text index (Db=CrossChex.mdb;Table=Z_MemRecord;Index=0), making read-only
[WARN] 2020-05-18 19:53:26,338 com.healthmarketscience.jackcess.Index setUnsupportedReason - unsupported collating sort order SortOrder[3082(0)] for text index (Db=CrossChex.mdb;Table=Z_MemUClass;Index=0), making read-only
[WARN] 2020-05-18 19:53:26,338 com.healthmarketscience.jackcess.Index setUnsupportedReason - unsupported collating sort order SortOrder[3082(0)] for text index (Db=CrossChex.mdb;Table=Z_MemUClass;Index=0), making read-only
[WARN] 2020-05-18 19:53:26,339 com.healthmarketscience.jackcess.Index setUnsupportedReason - unsupported collating sort order SortOrder[3082(0)] for text index (Db=CrossChex.mdb;Table=Z_MemUClass;Index=0), making read-only
[WARN] 2020-05-18 19:53:26,339 com.healthmarketscience.jackcess.Index setUnsupportedReason - unsupported collating sort order SortOrder[3082(0)] for text index (Db=CrossChex.mdb;Table=Z_MemUClass;Index=0), making read-only
[WARN] 2020-05-18 19:53:26,550 com.healthmarketscience.jackcess.Index setUnsupportedReason - unsupported collating sort order SortOrder[3082(0)] for text index (Db=CrossChex.mdb;Table=BasePara;Index=0), making read-only
[WARN] 2020-05-18 19:53:26,550 com.healthmarketscience.jackcess.Index setUnsupportedReason - unsupported collating sort order SortOrder[3082(0)] for text index (Db=CrossChex.mdb;Table=BasePara;Index=0), making read-only
[WARN] 2020-05-18 19:53:26,644 com.healthmarketscience.jackcess.Index setUnsupportedReason - unsupported collating sort order SortOrder[3082(0)] for text index (Db=CrossChex.mdb;Table=Dept;Index=0), making read-only
[WARN] 2020-05-18 19:53:26,644 com.healthmarketscience.jackcess.Index setUnsupportedReason - unsupported collating sort order SortOrder[3082(0)] for text index (Db=CrossChex.mdb;Table=Dept;Index=0), making read-only
[WARN] 2020-05-18 19:53:26,664 com.healthmarketscience.jackcess.Index setUnsupportedReason - unsupported collating sort order SortOrder[3082(0)] for text index (Db=CrossChex.mdb;Table=Holiday;Index=0), making read-only
[WARN] 2020-05-18 19:53:26,664 com.healthmarketscience.jackcess.Index setUnsupportedReason - unsupported collating sort order SortOrder[3082(0)] for text index (Db=CrossChex.mdb;Table=Holiday;Index=0), making read-only
[WARN] 2020-05-18 19:53:26,667 com.healthmarketscience.jackcess.Index setUnsupportedReason - unsupported collating sort order SortOrder[3082(0)] for text index (Db=CrossChex.mdb;Table=LeaveClass;Index=0), making read-only
[WARN] 2020-05-18 19:53:26,667 com.healthmarketscience.jackcess.Index setUnsupportedReason - unsupported collating sort order SortOrder[3082(0)] for text index (Db=CrossChex.mdb;Table=LeaveClass;Index=0), making read-only
[WARN] 2020-05-18 19:53:26,719 com.healthmarketscience.jackcess.Index setUnsupportedReason - unsupported collating sort order SortOrder[3082(0)] for text index (Db=CrossChex.mdb;Table=OPinfo;Index=0), making read-only
[WARN] 2020-05-18 19:53:26,719 com.healthmarketscience.jackcess.Index setUnsupportedReason - unsupported collating sort order SortOrder[3082(0)] for text index (Db=CrossChex.mdb;Table=OPinfo;Index=0), making read-only
[WARN] 2020-05-18 19:53:26,732 com.healthmarketscience.jackcess.Index setUnsupportedReason - unsupported collating sort order SortOrder[3082(0)] for text index (Db=CrossChex.mdb;Table=Schedule;Index=0), making read-only
[WARN] 2020-05-18 19:53:26,732 com.healthmarketscience.jackcess.Index setUnsupportedReason - unsupported collating sort order SortOrder[3082(0)] for text index (Db=CrossChex.mdb;Table=Schedule;Index=0), making read-only
[WARN] 2020-05-18 19:53:26,755 com.healthmarketscience.jackcess.Index setUnsupportedReason - unsupported collating sort order SortOrder[3082(0)] for text index (Db=CrossChex.mdb;Table=TimeTable;Index=0), making read-only
[WARN] 2020-05-18 19:53:26,755 com.healthmarketscience.jackcess.Index setUnsupportedReason - unsupported collating sort order SortOrder[3082(0)] for text index (Db=CrossChex.mdb;Table=TimeTable;Index=0), making read-only
[WARN] 2020-05-18 19:53:26,780 com.healthmarketscience.jackcess.Index setUnsupportedReason - unsupported collating sort order SortOrder[3082(0)] for text index (Db=CrossChex.mdb;Table=Userinfo;Index=2), making read-only
[WARN] 2020-05-18 19:53:26,780 com.healthmarketscience.jackcess.Index setUnsupportedReason - unsupported collating sort order SortOrder[3082(0)] for text index (Db=CrossChex.mdb;Table=Userinfo;Index=2), making read-only
[WARN] 2020-05-18 19:53:26,805 com.healthmarketscience.jackcess.Index setUnsupportedReason - unsupported collating sort order SortOrder[3082(0)] for text index (Db=CrossChex.mdb;Table=UserShift;Index=0), making read-only
[WARN] 2020-05-18 19:53:26,805 com.healthmarketscience.jackcess.Index setUnsupportedReason - unsupported collating sort order SortOrder[3082(0)] for text index (Db=CrossChex.mdb;Table=UserShift;Index=0), making read-only
[WARN] 2020-05-18 19:53:26,806 com.healthmarketscience.jackcess.Index setUnsupportedReason - unsupported collating sort order SortOrder[3082(0)] for text index (Db=CrossChex.mdb;Table=UserShift;Index=0), making read-only
[WARN] 2020-05-18 19:53:26,806 com.healthmarketscience.jackcess.Index setUnsupportedReason - unsupported collating sort order SortOrder[3082(0)] for text index (Db=CrossChex.mdb;Table=UserShift;Index=0), making read-only
[WARN] 2020-05-18 19:53:26,814 com.healthmarketscience.jackcess.Index setUnsupportedReason - unsupported collating sort order SortOrder[3082(0)] for text index (Db=CrossChex.mdb;Table=UserTempShift;Index=0), making read-only
[WARN] 2020-05-18 19:53:26,814 com.healthmarketscience.jackcess.Index setUnsupportedReason - unsupported collating sort order SortOrder[3082(0)] for text index (Db=CrossChex.mdb;Table=UserTempShift;Index=0), making read-only
[WARN] 2020-05-18 19:53:26,833 com.healthmarketscience.jackcess.Index setUnsupportedReason - unsupported collating sort order SortOrder[3082(0)] for text index (Db=CrossChex.mdb;Table=WorkCode;Index=0), making read-only
[WARN] 2020-05-18 19:53:26,833 com.healthmarketscience.jackcess.Index setUnsupportedReason - unsupported collating sort order SortOrder[3082(0)] for text index (Db=CrossChex.mdb;Table=WorkCode;Index=0), making read-only
[WARN] 2020-05-18 19:53:26,845 com.healthmarketscience.jackcess.Index setUnsupportedReason - unsupported collating sort order SortOrder[3082(0)] for text index (Db=CrossChex.mdb;Table=Z_MemAbnor;Index=0), making read-only
[WARN] 2020-05-18 19:53:26,845 com.healthmarketscience.jackcess.Index setUnsupportedReason - unsupported collating sort order SortOrder[3082(0)] for text index (Db=CrossChex.mdb;Table=Z_MemAbnor;Index=0), making read-only
[WARN] 2020-05-18 19:53:26,845 com.healthmarketscience.jackcess.Index setUnsupportedReason - unsupported collating sort order SortOrder[3082(0)] for text index (Db=CrossChex.mdb;Table=Z_MemAbnor;Index=1), making read-only
[WARN] 2020-05-18 19:53:26,845 com.healthmarketscience.jackcess.Index setUnsupportedReason - unsupported collating sort order SortOrder[3082(0)] for text index (Db=CrossChex.mdb;Table=Z_MemAbnor;Index=1), making read-only
[WARN] 2020-05-18 19:53:26,852 com.healthmarketscience.jackcess.Index setUnsupportedReason - unsupported collating sort order SortOrder[3082(0)] for text index (Db=CrossChex.mdb;Table=Z_MemRecord;Index=0), making read-only
[WARN] 2020-05-18 19:53:26,852 com.healthmarketscience.jackcess.Index setUnsupportedReason - unsupported collating sort order SortOrder[3082(0)] for text index (Db=CrossChex.mdb;Table=Z_MemRecord;Index=0), making read-only
[WARN] 2020-05-18 19:53:26,866 com.healthmarketscience.jackcess.Index setUnsupportedReason - unsupported collating sort order SortOrder[3082(0)] for text index (Db=CrossChex.mdb;Table=Z_MemUClass;Index=0), making read-only
[WARN] 2020-05-18 19:53:26,866 com.healthmarketscience.jackcess.Index setUnsupportedReason - unsupported collating sort order SortOrder[3082(0)] for text index (Db=CrossChex.mdb;Table=Z_MemUClass;Index=0), making read-only
[WARN] 2020-05-18 19:53:26,867 com.healthmarketscience.jackcess.Index setUnsupportedReason - unsupported collating sort order SortOrder[3082(0)] for text index (Db=CrossChex.mdb;Table=Z_MemUClass;Index=0), making read-only
[WARN] 2020-05-18 19:53:26,867 com.healthmarketscience.jackcess.Index setUnsupportedReason - unsupported collating sort order SortOrder[3082(0)] for text index (Db=CrossChex.mdb;Table=Z_MemUClass;Index=0), making read-only
