Inicio de ejecucion

Conexion establecida con Postgers:org.postgresql.jdbc4.Jdbc4Connection@707f7052 

--INICIO DE PROCESO: --
DIA: 2021-01-26 -> martes
HORA: (10:33:29)
dias: (17)
Select * from smn_control_acceso.smn_asistencia INNER JOIN smn_control_acceso.smn_personal on smn_personal.smn_personal_id = smn_asistencia.asi_personal_rf INNER JOIN smn_control_acceso.smn_plan_asistencia on smn_plan_asistencia.smn_plan_asistencia_id = smn_asistencia.smn_plan_asistencia_id WHERE (asi_estatus_marcaje is null) and  smn_plan_asistencia.cpa_status = 'AP' ORDER BY smn_asistencia.asi_fecha_evento 
Cantida de Asistencias programadas =9183
Fecha de la primera =2020-08-01
Fecha de la ultima =2021-01-26
Cantida de Asistencias programadas listaIndividual =326
select * from smn_control_acceso.smn_asistencia where asi_personal_rf  IN (2,5,6,7,8,9,11,17,19,22,27,29,31,32,33,34,35,36,37,38,40,41,43,44,45,46,47,49,50,51,52,53,54,57,58,59,60,64,65,66,67,68,69,70,72,73,74,75,76,81,82,83,85,86,87,88,89,90,91,93,94,95,97,99,100,102,103,104,105,107,108,109,110,111,114,115,117,118,119,121,122,123,124,126,127,128,130,131,137,139,140,141,142,143,144,145,146,148,149,152,153,156,157,161,162,164,165,167,168,169,171,173,176,178,179,181,183,191,193,194,197,200,206,208,213,214,215,218,219,220,221,222,229,230,231,233,234,235,236,237,238,240,242,243,244,245,246,248,250,253,255,256,257,258,262,263,266,267,268,269,270,274,275,277,278,279,282,283,287,290,292,293,295,296,297,300,301,304,305,306,307,309,310,311,312,313,314,315,316,318,320,321,322,324,329,331,334,336,338,339,340,341,344,345,346,348,351,352,353,354,356,357,359,361,363,364,365,369,372,373,374,376,378,379,381,382,383,384,385,386,389,391,392,393,394,395,396,398,399,401,402,403,404,406,407,408,410,411,412,413,414,415,416,417,418,419,420,421,422,424,427,429,430,431,432,433,436,437,443,446,447,448,449,450,454,455,458,460,463,465,467,468,469,471,472,473,475,476,480,492,493,504,569,574,577,578,579,582,583,584,587,588,592,597,598,687,688,689,692,695,696,699,700,703,705,706,707,708,710,714,715,716,717,718,719,720) and asi_fecha_evento between '2020-12-01' and '2021-01-26'
Fecha de la primera =2020-08-01
Fecha de la ultima =2021-01-26
Cantidad de Marcajes 737
ANTES DE RESUMENES LEERLIST dias 
ANTES DE RESUMENES LEERLIST dias 
ANTES DE RESUMENES LEERLIST dias 
ANTES DE RESUMENES LEERLIST dias 
ANTES DE RESUMENES LEERLIST dias 
ANTES DE RESUMENES LEERLIST dias 
ANTES DE RESUMENES LEERLIST dias 
ANTES DE RESUMENES LEERLIST dias 
ANTES DE RESUMENES LEERLIST dias 
ANTES DE RESUMENES LEERLIST dias 
ANTES DE RESUMENES LEERLIST dias 
ANTES DE RESUMENES LEERLIST dias 
ANTES DE RESUMENES LEERLIST dias 
ANTES DE RESUMENES LEERLIST dias 
ANTES DE RESUMENES LEERLIST dias 
ANTES DE RESUMENES LEERLIST dias 
ANTES DE RESUMENES LEERLIST dias 
ANTES DE RESUMENES LEERLIST dias 
ANTES DE RESUMENES LEERLIST dias 
ANTES DE RESUMENES LEERLIST dias 
ANTES DE RESUMENES LEERLIST dias 
ANTES DE RESUMENES LEERLIST dias 
ANTES DE RESUMENES LEERLIST dias 
ANTES DE RESUMENES LEERLIST dias 
ANTES DE RESUMENES LEERLIST dias 
ANTES DE RESUMENES LEERLIST dias 
ANTES DE RESUMENES LEERLIST dias 
ANTES DE RESUMENES LEERLIST dias 
ANTES DE RESUMENES LEERLIST dias 
ANTES DE RESUMENES LEERLIST dias 
ANTES DE RESUMENES LEERLIST dias 
ANTES DE RESUMENES LEERLIST dias 
ANTES DE RESUMENES LEERLIST dias 
ANTES DE RESUMENES LEERLIST dias 
ANTES DE RESUMENES LEERLIST dias 
ANTES DE RESUMENES LEERLIST dias 
ANTES DE RESUMENES LEERLIST dias 
ANTES DE RESUMENES LEERLIST dias 
ANTES DE RESUMENES LEERLIST dias 
ANTES DE RESUMENES LEERLIST dias 
ANTES DE RESUMENES LEERLIST dias 
ANTES DE RESUMENES LEERLIST dias 
ANTES DE RESUMENES LEERLIST dias 
ANTES DE RESUMENES LEERLIST dias 
ANTES DE RESUMENES LEERLIST dias 
ANTES DE RESUMENES LEERLIST dias 
ANTES DE RESUMENES LEERLIST dias 
ANTES DE RESUMENES LEERLIST dias 
ANTES DE RESUMENES LEERLIST dias 
ANTES DE RESUMENES LEERLIST dias 
ANTES DE RESUMENES LEERLIST dias 
ANTES DE RESUMENES LEERLIST dias 
ANTES DE RESUMENES LEERLIST dias 
ANTES DE RESUMENES LEERLIST dias 
ANTES DE RESUMENES LEERLIST dias 
ANTES DE RESUMENES LEERLIST dias 
ANTES DE RESUMENES LEERLIST dias 
ANTES DE RESUMENES LEERLIST dias 
ANTES DE RESUMENES LEERLIST dias 
ANTES DE RESUMENES LEERLIST dias 
ANTES DE RESUMENES LEERLIST dias 
ANTES DE RESUMENES LEERLIST dias 
ANTES DE RESUMENES LEERLIST dias 
ANTES DE RESUMENES LEERLIST dias 
ANTES DE RESUMENES LEERLIST dias 
ANTES DE RESUMENES LEERLIST dias 
ANTES DE RESUMENES LEERLIST dias 
ANTES DE RESUMENES LEERLIST dias 
ANTES DE RESUMENES LEERLIST dias 
ANTES DE RESUMENES LEERLIST dias 
ANTES DE RESUMENES LEERLIST dias 
ANTES DE RESUMENES LEERLIST dias 
ANTES DE RESUMENES LEERLIST dias 
ANTES DE RESUMENES LEERLIST dias 
ANTES DE RESUMENES LEERLIST dias 
ANTES DE RESUMENES LEERLIST dias 
ANTES DE RESUMENES LEERLIST dias 
ANTES DE RESUMENES LEERLIST dias 
ANTES DE RESUMENES LEERLIST dias 
ANTES DE RESUMENES LEERLIST dias 
ANTES DE RESUMENES LEERLIST dias 
ANTES DE RESUMENES LEERLIST dias 
ANTES DE RESUMENES LEERLIST dias 
ANTES DE RESUMENES LEERLIST dias 
ANTES DE RESUMENES LEERLIST dias 
ANTES DE RESUMENES LEERLIST dias 
ANTES DE RESUMENES LEERLIST dias 
ANTES DE RESUMENES LEERLIST dias 
ANTES DE RESUMENES LEERLIST dias 
ANTES DE RESUMENES LEERLIST dias 
ANTES DE RESUMENES LEERLIST dias 
ANTES DE RESUMENES LEERLIST dias 
ANTES DE RESUMENES LEERLIST dias 
ANTES DE RESUMENES LEERLIST dias 
ANTES DE RESUMENES LEERLIST dias 
ANTES DE RESUMENES LEERLIST dias 
ANTES DE RESUMENES LEERLIST dias 
ANTES DE RESUMENES LEERLIST dias 
ANTES DE RESUMENES LEERLIST dias 
ANTES DE RESUMENES LEERLIST dias 
ANTES DE RESUMENES LEERLIST dias 
ANTES DE RESUMENES LEERLIST dias 
ANTES DE RESUMENES LEERLIST dias 
ANTES DE RESUMENES LEERLIST dias 
ANTES DE RESUMENES LEERLIST dias 
ANTES DE RESUMENES LEERLIST dias 
ANTES DE RESUMENES LEERLIST dias 
ANTES DE RESUMENES LEERLIST dias 
ANTES DE RESUMENES LEERLIST dias 
ANTES DE RESUMENES LEERLIST dias 
ANTES DE RESUMENES LEERLIST dias 
ANTES DE RESUMENES LEERLIST dias 
ANTES DE RESUMENES LEERLIST dias 
ANTES DE RESUMENES LEERLIST dias 
ANTES DE RESUMENES LEERLIST dias 
ANTES DE RESUMENES LEERLIST dias 
ANTES DE RESUMENES LEERLIST dias 
ANTES DE RESUMENES LEERLIST dias 
ANTES DE RESUMENES LEERLIST dias 
ANTES DE RESUMENES LEERLIST dias 
ANTES DE RESUMENES LEERLIST dias 
ANTES DE RESUMENES LEERLIST dias 
ANTES DE RESUMENES LEERLIST dias 
ANTES DE RESUMENES LEERLIST dias 
ANTES DE RESUMENES LEERLIST dias 
ANTES DE RESUMENES LEERLIST dias 
ANTES DE RESUMENES LEERLIST dias 
ANTES DE RESUMENES LEERLIST dias 
ANTES DE RESUMENES LEERLIST dias 
ANTES DE RESUMENES LEERLIST dias 
ANTES DE RESUMENES LEERLIST dias 
ANTES DE RESUMENES LEERLIST dias 
ANTES DE RESUMENES LEERLIST dias 
ANTES DE RESUMENES LEERLIST dias 
ANTES DE RESUMENES LEERLIST dias 
ANTES DE RESUMENES LEERLIST dias 
ANTES DE RESUMENES LEERLIST dias 
ANTES DE RESUMENES LEERLIST dias 
ANTES DE RESUMENES LEERLIST dias 
ANTES DE RESUMENES LEERLIST dias 
ANTES DE RESUMENES LEERLIST dias 
ANTES DE RESUMENES LEERLIST dias 
ANTES DE RESUMENES LEERLIST dias 
ANTES DE RESUMENES LEERLIST dias 
ANTES DE RESUMENES LEERLIST dias 
ANTES DE RESUMENES LEERLIST dias 
ANTES DE RESUMENES LEERLIST dias 
ANTES DE RESUMENES LEERLIST dias 
ANTES DE RESUMENES LEERLIST dias 
ANTES DE RESUMENES LEERLIST dias 
ANTES DE RESUMENES LEERLIST dias 
ANTES DE RESUMENES LEERLIST dias 
ANTES DE RESUMENES LEERLIST dias 
ANTES DE RESUMENES LEERLIST dias 
ANTES DE RESUMENES LEERLIST dias 
ANTES DE RESUMENES LEERLIST dias 
ANTES DE RESUMENES LEERLIST dias 
ANTES DE RESUMENES LEERLIST dias 
ANTES DE RESUMENES LEERLIST dias 
ANTES DE RESUMENES LEERLIST dias 
ANTES DE RESUMENES LEERLIST dias 
ANTES DE RESUMENES LEERLIST dias 
ANTES DE RESUMENES LEERLIST dias 
ANTES DE RESUMENES LEERLIST dias 
ANTES DE RESUMENES LEERLIST dias 
ANTES DE RESUMENES LEERLIST dias 
ANTES DE RESUMENES LEERLIST dias 
ANTES DE RESUMENES LEERLIST dias 
ANTES DE RESUMENES LEERLIST dias 
ANTES DE RESUMENES LEERLIST dias 
ANTES DE RESUMENES LEERLIST dias 
ANTES DE RESUMENES LEERLIST dias 
ANTES DE RESUMENES LEERLIST dias 
ANTES DE RESUMENES LEERLIST dias 
ANTES DE RESUMENES LEERLIST dias 
ANTES DE RESUMENES LEERLIST dias 
ANTES DE RESUMENES LEERLIST dias 
ANTES DE RESUMENES LEERLIST dias 
ID DIA: lunes 22 714
ID personal 714 Horario ID 22 hInicio 2021-01-25 07:00 hFin 2021-01-25 07:01
DIA: 2021-01-25 ID_PERSONAL: 714

------------------------------------------------
PSL: 714 | F: 2021-01-25 (lunes)| HRR: 22 DM1: S
Marcajes sin asistencia No se hace nada
Fin
