[INFO] 2023-04-19 00:22:57,753 MarcajeSinAsistencia.main main - --INICIO DE PROCESO: --
[INFO] 2023-04-19 00:23:19,291 MarcajeSinAsistencia.main main - Cantida de Asistencias programadas =327606
[INFO] 2023-04-19 00:23:19,292 MarcajeSinAsistencia.main main - Cantida de Movimientos de marcaje =418
[INFO] 2023-04-19 00:23:19,292 MarcajeSinAsistencia.main main - Cantida de PERSONAL asignados a las Asistencias programadas =229
[INFO] 2023-04-19 00:23:20,243 MarcajeSinAsistencia.resumen leerListas - ID personal 855 Horario ID 24 hInicio 2022-10-27 18:00 hFin 2022-10-27 06:00

[ERROR] 2023-04-19 00:23:20,248 MarcajeSinAsistencia.resumen leerListas - Error Con fecha 2022-10-27, Horas 2022-10-27 18:00 2022-10-27 06:00
[ERROR] 2023-04-19 00:23:20,249 MarcajeSinAsistencia.resumen leerListas - java.text.ParseException: Unparseable date: "2022-10-27 null:00"
[INFO] 2023-04-19 00:23:20,270 MarcajeSinAsistencia.resumen leerListas - ID personal 855 Horario ID 24 hInicio 2022-10-27 18:00 hFin 2022-10-27 06:00

[ERROR] 2023-04-19 00:23:20,274 MarcajeSinAsistencia.resumen leerListas - Error Con fecha 2022-10-27, Horas 2022-10-27 18:00 2022-10-27 06:00
[ERROR] 2023-04-19 00:23:20,274 MarcajeSinAsistencia.resumen leerListas - java.text.ParseException: Unparseable date: "2022-10-27 null:00"
[INFO] 2023-04-19 00:23:20,311 MarcajeSinAsistencia.resumen leerListas - ID personal 855 Horario ID 24 hInicio 2022-10-27 18:00 hFin 2022-10-27 06:00

[ERROR] 2023-04-19 00:23:20,320 MarcajeSinAsistencia.resumen leerListas - Error Con fecha 2022-10-27, Horas 2022-10-27 18:00 2022-10-27 06:00
[ERROR] 2023-04-19 00:23:20,320 MarcajeSinAsistencia.resumen leerListas - java.text.ParseException: Unparseable date: "2022-10-27 null:00"
[INFO] 2023-04-19 00:23:20,356 MarcajeSinAsistencia.resumen leerListas - ID personal 855 Horario ID 24 hInicio 2022-10-30 18:00 hFin 2022-10-30 06:00

[ERROR] 2023-04-19 00:23:20,360 MarcajeSinAsistencia.resumen leerListas - Error Con fecha 2022-10-30, Horas 2022-10-30 18:00 2022-10-30 06:00
[ERROR] 2023-04-19 00:23:20,361 MarcajeSinAsistencia.resumen leerListas - java.text.ParseException: Unparseable date: "2022-10-30 null:00"
[INFO] 2023-04-19 00:23:20,382 MarcajeSinAsistencia.resumen leerListas - ID personal 855 Horario ID 24 hInicio 2022-10-31 18:00 hFin 2022-10-31 06:00

[ERROR] 2023-04-19 00:23:20,383 MarcajeSinAsistencia.resumen leerListas - Error Con fecha 2022-10-31, Horas 2022-10-31 18:00 2022-10-31 06:00
[ERROR] 2023-04-19 00:23:20,384 MarcajeSinAsistencia.resumen leerListas - java.text.ParseException: Unparseable date: "2022-10-31 null:00"
[INFO] 2023-04-19 00:23:20,405 MarcajeSinAsistencia.resumen leerListas - ID personal 855 Horario ID 24 hInicio 2022-10-31 18:00 hFin 2022-10-31 06:00

[ERROR] 2023-04-19 00:23:20,410 MarcajeSinAsistencia.resumen leerListas - Error Con fecha 2022-10-31, Horas 2022-10-31 18:00 2022-10-31 06:00
[ERROR] 2023-04-19 00:23:20,410 MarcajeSinAsistencia.resumen leerListas - java.text.ParseException: Unparseable date: "2022-10-31 null:00"
[INFO] 2023-04-19 00:23:20,434 MarcajeSinAsistencia.resumen leerListas - ID personal 855 Horario ID 24 hInicio 2022-11-01 18:00 hFin 2022-11-01 06:00

[ERROR] 2023-04-19 00:23:20,435 MarcajeSinAsistencia.resumen leerListas - Error Con fecha 2022-11-01, Horas 2022-11-01 18:00 2022-11-01 06:00
[ERROR] 2023-04-19 00:23:20,435 MarcajeSinAsistencia.resumen leerListas - java.text.ParseException: Unparseable date: "2022-11-01 null:00"
[INFO] 2023-04-19 00:23:20,456 MarcajeSinAsistencia.resumen leerListas - ID personal 855 Horario ID 24 hInicio 2022-11-01 18:00 hFin 2022-11-01 06:00

[ERROR] 2023-04-19 00:23:20,460 MarcajeSinAsistencia.resumen leerListas - Error Con fecha 2022-11-01, Horas 2022-11-01 18:00 2022-11-01 06:00
[ERROR] 2023-04-19 00:23:20,460 MarcajeSinAsistencia.resumen leerListas - java.text.ParseException: Unparseable date: "2022-11-01 null:00"
[INFO] 2023-04-19 00:23:20,482 MarcajeSinAsistencia.resumen leerListas - ID personal 855 Horario ID 24 hInicio 2022-11-01 18:00 hFin 2022-11-01 06:00

[ERROR] 2023-04-19 00:23:20,482 MarcajeSinAsistencia.resumen leerListas - Error Con fecha 2022-11-01, Horas 2022-11-01 18:00 2022-11-01 06:00
[ERROR] 2023-04-19 00:23:20,483 MarcajeSinAsistencia.resumen leerListas - java.text.ParseException: Unparseable date: "2022-11-01 null:00"
[INFO] 2023-04-19 00:23:20,504 MarcajeSinAsistencia.resumen leerListas - ID personal 855 Horario ID 24 hInicio 2022-11-03 18:00 hFin 2022-11-03 06:00

[ERROR] 2023-04-19 00:23:20,504 MarcajeSinAsistencia.resumen leerListas - Error Con fecha 2022-11-03, Horas 2022-11-03 18:00 2022-11-03 06:00
[ERROR] 2023-04-19 00:23:20,504 MarcajeSinAsistencia.resumen leerListas - java.text.ParseException: Unparseable date: "2022-11-03 null:00"
[INFO] 2023-04-19 00:23:20,525 MarcajeSinAsistencia.resumen leerListas - ID personal 855 Horario ID 24 hInicio 2022-11-03 18:00 hFin 2022-11-03 06:00

[ERROR] 2023-04-19 00:23:20,526 MarcajeSinAsistencia.resumen leerListas - Error Con fecha 2022-11-03, Horas 2022-11-03 18:00 2022-11-03 06:00
[ERROR] 2023-04-19 00:23:20,526 MarcajeSinAsistencia.resumen leerListas - java.text.ParseException: Unparseable date: "2022-11-03 null:00"
[INFO] 2023-04-19 00:23:20,547 MarcajeSinAsistencia.resumen leerListas - ID personal 855 Horario ID 24 hInicio 2022-11-03 18:00 hFin 2022-11-03 06:00

[ERROR] 2023-04-19 00:23:20,547 MarcajeSinAsistencia.resumen leerListas - Error Con fecha 2022-11-03, Horas 2022-11-03 18:00 2022-11-03 06:00
[ERROR] 2023-04-19 00:23:20,547 MarcajeSinAsistencia.resumen leerListas - java.text.ParseException: Unparseable date: "2022-11-03 null:00"
[INFO] 2023-04-19 00:23:20,569 MarcajeSinAsistencia.resumen leerListas - ID personal 855 Horario ID 24 hInicio 2022-11-07 18:00 hFin 2022-11-07 06:00

[ERROR] 2023-04-19 00:23:20,569 MarcajeSinAsistencia.resumen leerListas - Error Con fecha 2022-11-07, Horas 2022-11-07 18:00 2022-11-07 06:00
[ERROR] 2023-04-19 00:23:20,569 MarcajeSinAsistencia.resumen leerListas - java.text.ParseException: Unparseable date: "2022-11-07 null:00"
[INFO] 2023-04-19 00:23:20,591 MarcajeSinAsistencia.resumen leerListas - ID personal 855 Horario ID 24 hInicio 2022-11-07 18:00 hFin 2022-11-07 06:00

[ERROR] 2023-04-19 00:23:20,591 MarcajeSinAsistencia.resumen leerListas - Error Con fecha 2022-11-07, Horas 2022-11-07 18:00 2022-11-07 06:00
[ERROR] 2023-04-19 00:23:20,591 MarcajeSinAsistencia.resumen leerListas - java.text.ParseException: Unparseable date: "2022-11-07 null:00"
[INFO] 2023-04-19 00:23:20,612 MarcajeSinAsistencia.resumen leerListas - ID personal 855 Horario ID 24 hInicio 2022-11-07 18:00 hFin 2022-11-07 06:00

[ERROR] 2023-04-19 00:23:20,612 MarcajeSinAsistencia.resumen leerListas - Error Con fecha 2022-11-07, Horas 2022-11-07 18:00 2022-11-07 06:00
[ERROR] 2023-04-19 00:23:20,613 MarcajeSinAsistencia.resumen leerListas - java.text.ParseException: Unparseable date: "2022-11-07 null:00"
[INFO] 2023-04-19 00:23:20,635 MarcajeSinAsistencia.resumen leerListas - ID personal 855 Horario ID 24 hInicio 2022-11-08 18:00 hFin 2022-11-08 06:00

[ERROR] 2023-04-19 00:23:20,635 MarcajeSinAsistencia.resumen leerListas - Error Con fecha 2022-11-08, Horas 2022-11-08 18:00 2022-11-08 06:00
[ERROR] 2023-04-19 00:23:20,635 MarcajeSinAsistencia.resumen leerListas - java.text.ParseException: Unparseable date: "2022-11-08 null:00"
[INFO] 2023-04-19 00:23:20,658 MarcajeSinAsistencia.resumen leerListas - ID personal 855 Horario ID 24 hInicio 2022-11-08 18:00 hFin 2022-11-08 06:00

[ERROR] 2023-04-19 00:23:20,658 MarcajeSinAsistencia.resumen leerListas - Error Con fecha 2022-11-08, Horas 2022-11-08 18:00 2022-11-08 06:00
[ERROR] 2023-04-19 00:23:20,658 MarcajeSinAsistencia.resumen leerListas - java.text.ParseException: Unparseable date: "2022-11-08 null:00"
[INFO] 2023-04-19 00:23:20,680 MarcajeSinAsistencia.resumen leerListas - ID personal 855 Horario ID 24 hInicio 2022-11-08 18:00 hFin 2022-11-08 06:00

[ERROR] 2023-04-19 00:23:20,680 MarcajeSinAsistencia.resumen leerListas - Error Con fecha 2022-11-08, Horas 2022-11-08 18:00 2022-11-08 06:00
[ERROR] 2023-04-19 00:23:20,680 MarcajeSinAsistencia.resumen leerListas - java.text.ParseException: Unparseable date: "2022-11-08 null:00"
[INFO] 2023-04-19 00:23:20,701 MarcajeSinAsistencia.resumen leerListas - ID personal 855 Horario ID 24 hInicio 2022-11-09 18:00 hFin 2022-11-09 06:00

[ERROR] 2023-04-19 00:23:20,713 MarcajeSinAsistencia.resumen leerListas - Error Con fecha 2022-11-09, Horas 2022-11-09 18:00 2022-11-09 06:00
[ERROR] 2023-04-19 00:23:20,714 MarcajeSinAsistencia.resumen leerListas - java.text.ParseException: Unparseable date: "2022-11-09 null:00"
[INFO] 2023-04-19 00:23:20,736 MarcajeSinAsistencia.resumen leerListas - ID personal 855 Horario ID 24 hInicio 2022-11-09 18:00 hFin 2022-11-09 06:00

[ERROR] 2023-04-19 00:23:20,736 MarcajeSinAsistencia.resumen leerListas - Error Con fecha 2022-11-09, Horas 2022-11-09 18:00 2022-11-09 06:00
[ERROR] 2023-04-19 00:23:20,737 MarcajeSinAsistencia.resumen leerListas - java.text.ParseException: Unparseable date: "2022-11-09 null:00"
[INFO] 2023-04-19 00:23:20,758 MarcajeSinAsistencia.resumen leerListas - ID personal 855 Horario ID 24 hInicio 2022-11-09 18:00 hFin 2022-11-09 06:00

[ERROR] 2023-04-19 00:23:20,763 MarcajeSinAsistencia.resumen leerListas - Error Con fecha 2022-11-09, Horas 2022-11-09 18:00 2022-11-09 06:00
[ERROR] 2023-04-19 00:23:20,763 MarcajeSinAsistencia.resumen leerListas - java.text.ParseException: Unparseable date: "2022-11-09 null:00"
[INFO] 2023-04-19 00:23:20,790 MarcajeSinAsistencia.resumen leerListas - ID personal 855 Horario ID 24 hInicio 2022-11-10 18:00 hFin 2022-11-10 06:00

[ERROR] 2023-04-19 00:23:20,794 MarcajeSinAsistencia.resumen leerListas - Error Con fecha 2022-11-10, Horas 2022-11-10 18:00 2022-11-10 06:00
[ERROR] 2023-04-19 00:23:20,795 MarcajeSinAsistencia.resumen leerListas - java.text.ParseException: Unparseable date: "2022-11-10 null:00"
[INFO] 2023-04-19 00:23:20,817 MarcajeSinAsistencia.resumen leerListas - ID personal 855 Horario ID 24 hInicio 2022-11-10 18:00 hFin 2022-11-10 06:00

[ERROR] 2023-04-19 00:23:20,817 MarcajeSinAsistencia.resumen leerListas - Error Con fecha 2022-11-10, Horas 2022-11-10 18:00 2022-11-10 06:00
[ERROR] 2023-04-19 00:23:20,817 MarcajeSinAsistencia.resumen leerListas - java.text.ParseException: Unparseable date: "2022-11-10 null:00"
[INFO] 2023-04-19 00:23:20,838 MarcajeSinAsistencia.resumen leerListas - ID personal 855 Horario ID 24 hInicio 2022-11-10 18:00 hFin 2022-11-10 06:00

[ERROR] 2023-04-19 00:23:20,838 MarcajeSinAsistencia.resumen leerListas - Error Con fecha 2022-11-10, Horas 2022-11-10 18:00 2022-11-10 06:00
[ERROR] 2023-04-19 00:23:20,843 MarcajeSinAsistencia.resumen leerListas - java.text.ParseException: Unparseable date: "2022-11-10 null:00"
[INFO] 2023-04-19 00:23:20,865 MarcajeSinAsistencia.resumen leerListas - ID personal 855 Horario ID 24 hInicio 2022-11-13 18:00 hFin 2022-11-13 06:00

[ERROR] 2023-04-19 00:23:20,865 MarcajeSinAsistencia.resumen leerListas - Error Con fecha 2022-11-13, Horas 2022-11-13 18:00 2022-11-13 06:00
[ERROR] 2023-04-19 00:23:20,865 MarcajeSinAsistencia.resumen leerListas - java.text.ParseException: Unparseable date: "2022-11-13 null:00"
[INFO] 2023-04-19 00:23:20,887 MarcajeSinAsistencia.resumen leerListas - ID personal 855 Horario ID 24 hInicio 2022-11-14 18:00 hFin 2022-11-14 06:00

[ERROR] 2023-04-19 00:23:20,887 MarcajeSinAsistencia.resumen leerListas - Error Con fecha 2022-11-14, Horas 2022-11-14 18:00 2022-11-14 06:00
[ERROR] 2023-04-19 00:23:20,887 MarcajeSinAsistencia.resumen leerListas - java.text.ParseException: Unparseable date: "2022-11-14 null:00"
[INFO] 2023-04-19 00:23:20,908 MarcajeSinAsistencia.resumen leerListas - ID personal 855 Horario ID 24 hInicio 2022-11-14 18:00 hFin 2022-11-14 06:00

[ERROR] 2023-04-19 00:23:20,909 MarcajeSinAsistencia.resumen leerListas - Error Con fecha 2022-11-14, Horas 2022-11-14 18:00 2022-11-14 06:00
[ERROR] 2023-04-19 00:23:20,909 MarcajeSinAsistencia.resumen leerListas - java.text.ParseException: Unparseable date: "2022-11-14 null:00"
[INFO] 2023-04-19 00:23:20,930 MarcajeSinAsistencia.resumen leerListas - ID personal 855 Horario ID 24 hInicio 2022-11-14 18:00 hFin 2022-11-14 06:00

[ERROR] 2023-04-19 00:23:20,930 MarcajeSinAsistencia.resumen leerListas - Error Con fecha 2022-11-14, Horas 2022-11-14 18:00 2022-11-14 06:00
[ERROR] 2023-04-19 00:23:20,930 MarcajeSinAsistencia.resumen leerListas - java.text.ParseException: Unparseable date: "2022-11-14 null:00"
[INFO] 2023-04-19 00:23:20,951 MarcajeSinAsistencia.resumen leerListas - ID personal 855 Horario ID 24 hInicio 2022-11-14 18:00 hFin 2022-11-14 06:00

[ERROR] 2023-04-19 00:23:20,952 MarcajeSinAsistencia.resumen leerListas - Error Con fecha 2022-11-14, Horas 2022-11-14 18:00 2022-11-14 06:00
[ERROR] 2023-04-19 00:23:20,952 MarcajeSinAsistencia.resumen leerListas - java.text.ParseException: Unparseable date: "2022-11-14 null:00"
[INFO] 2023-04-19 00:23:20,973 MarcajeSinAsistencia.resumen leerListas - ID personal 855 Horario ID 24 hInicio 2022-11-14 18:00 hFin 2022-11-14 06:00

[ERROR] 2023-04-19 00:23:20,973 MarcajeSinAsistencia.resumen leerListas - Error Con fecha 2022-11-14, Horas 2022-11-14 18:00 2022-11-14 06:00
[ERROR] 2023-04-19 00:23:20,973 MarcajeSinAsistencia.resumen leerListas - java.text.ParseException: Unparseable date: "2022-11-14 null:00"
[INFO] 2023-04-19 00:23:20,995 MarcajeSinAsistencia.resumen leerListas - ID personal 855 Horario ID 24 hInicio 2022-11-15 18:00 hFin 2022-11-15 06:00

[ERROR] 2023-04-19 00:23:20,997 MarcajeSinAsistencia.resumen leerListas - Error Con fecha 2022-11-15, Horas 2022-11-15 18:00 2022-11-15 06:00
[ERROR] 2023-04-19 00:23:20,997 MarcajeSinAsistencia.resumen leerListas - java.text.ParseException: Unparseable date: "2022-11-15 null:00"
[INFO] 2023-04-19 00:23:21,019 MarcajeSinAsistencia.resumen leerListas - ID personal 855 Horario ID 24 hInicio 2022-11-15 18:00 hFin 2022-11-15 06:00

[ERROR] 2023-04-19 00:23:21,019 MarcajeSinAsistencia.resumen leerListas - Error Con fecha 2022-11-15, Horas 2022-11-15 18:00 2022-11-15 06:00
[ERROR] 2023-04-19 00:23:21,019 MarcajeSinAsistencia.resumen leerListas - java.text.ParseException: Unparseable date: "2022-11-15 null:00"
[INFO] 2023-04-19 00:23:21,041 MarcajeSinAsistencia.resumen leerListas - ID personal 855 Horario ID 24 hInicio 2022-11-16 18:00 hFin 2022-11-16 06:00

[ERROR] 2023-04-19 00:23:21,041 MarcajeSinAsistencia.resumen leerListas - Error Con fecha 2022-11-16, Horas 2022-11-16 18:00 2022-11-16 06:00
[ERROR] 2023-04-19 00:23:21,041 MarcajeSinAsistencia.resumen leerListas - java.text.ParseException: Unparseable date: "2022-11-16 null:00"
[INFO] 2023-04-19 00:23:21,062 MarcajeSinAsistencia.resumen leerListas - ID personal 855 Horario ID 24 hInicio 2022-11-16 18:00 hFin 2022-11-16 06:00

[ERROR] 2023-04-19 00:23:21,062 MarcajeSinAsistencia.resumen leerListas - Error Con fecha 2022-11-16, Horas 2022-11-16 18:00 2022-11-16 06:00
[ERROR] 2023-04-19 00:23:21,063 MarcajeSinAsistencia.resumen leerListas - java.text.ParseException: Unparseable date: "2022-11-16 null:00"
[INFO] 2023-04-19 00:23:21,084 MarcajeSinAsistencia.resumen leerListas - ID personal 855 Horario ID 24 hInicio 2022-11-17 18:00 hFin 2022-11-17 06:00

[ERROR] 2023-04-19 00:23:21,084 MarcajeSinAsistencia.resumen leerListas - Error Con fecha 2022-11-17, Horas 2022-11-17 18:00 2022-11-17 06:00
[ERROR] 2023-04-19 00:23:21,087 MarcajeSinAsistencia.resumen leerListas - java.text.ParseException: Unparseable date: "2022-11-17 null:00"
[INFO] 2023-04-19 00:23:21,108 MarcajeSinAsistencia.resumen leerListas - ID personal 855 Horario ID 24 hInicio 2022-11-17 18:00 hFin 2022-11-17 06:00

[ERROR] 2023-04-19 00:23:21,109 MarcajeSinAsistencia.resumen leerListas - Error Con fecha 2022-11-17, Horas 2022-11-17 18:00 2022-11-17 06:00
[ERROR] 2023-04-19 00:23:21,109 MarcajeSinAsistencia.resumen leerListas - java.text.ParseException: Unparseable date: "2022-11-17 null:00"
[INFO] 2023-04-19 00:23:21,130 MarcajeSinAsistencia.resumen leerListas - ID personal 855 Horario ID 24 hInicio 2022-11-17 18:00 hFin 2022-11-17 06:00

[ERROR] 2023-04-19 00:23:21,130 MarcajeSinAsistencia.resumen leerListas - Error Con fecha 2022-11-17, Horas 2022-11-17 18:00 2022-11-17 06:00
[ERROR] 2023-04-19 00:23:21,130 MarcajeSinAsistencia.resumen leerListas - java.text.ParseException: Unparseable date: "2022-11-17 null:00"
[INFO] 2023-04-19 00:23:21,196 MarcajeSinAsistencia.resumen leerListas - ID personal 877 Horario ID 1 hInicio 2023-04-18 08:00 hFin 2023-04-18 17:00

[INFO] 2023-04-19 00:23:21,520 MarcajeSinAsistencia.resumen leerListas - ID personal 877 Horario ID 1 hInicio 2023-04-18 08:00 hFin 2023-04-18 17:00

[INFO] 2023-04-19 00:23:21,820 MarcajeSinAsistencia.resumen leerListas - ID personal 119 Horario ID 12 hInicio 2023-04-18 07:00 hFin 2023-04-18 12:00

[INFO] 2023-04-19 00:23:22,120 MarcajeSinAsistencia.resumen leerListas - ID personal 895 Horario ID 12 hInicio 2023-04-18 07:00 hFin 2023-04-18 12:00

[INFO] 2023-04-19 00:23:22,413 MarcajeSinAsistencia.resumen leerListas - ID personal 895 Horario ID 12 hInicio 2023-04-18 07:00 hFin 2023-04-18 12:00

[INFO] 2023-04-19 00:23:22,712 MarcajeSinAsistencia.resumen leerListas - ID personal 895 Horario ID 12 hInicio 2023-04-18 07:00 hFin 2023-04-18 12:00

[INFO] 2023-04-19 00:23:23,010 MarcajeSinAsistencia.resumen leerListas - ID personal 389 Horario ID 12 hInicio 2023-04-18 07:00 hFin 2023-04-18 12:00

[INFO] 2023-04-19 00:23:23,305 MarcajeSinAsistencia.resumen leerListas - ID personal 94 Horario ID 12 hInicio 2023-04-18 07:00 hFin 2023-04-18 12:00

[INFO] 2023-04-19 00:23:23,623 MarcajeSinAsistencia.resumen leerListas - ID personal 94 Horario ID 12 hInicio 2023-04-18 07:00 hFin 2023-04-18 12:00

[INFO] 2023-04-19 00:23:23,921 MarcajeSinAsistencia.resumen leerListas - ID personal 110 Horario ID 12 hInicio 2023-04-18 07:00 hFin 2023-04-18 12:00

[INFO] 2023-04-19 00:23:24,209 MarcajeSinAsistencia.resumen leerListas - ID personal 886 Horario ID 12 hInicio 2023-04-18 07:00 hFin 2023-04-18 12:00

[INFO] 2023-04-19 00:23:24,502 MarcajeSinAsistencia.resumen leerListas - ID personal 886 Horario ID 12 hInicio 2023-04-18 07:00 hFin 2023-04-18 12:00

[INFO] 2023-04-19 00:23:24,796 MarcajeSinAsistencia.resumen leerListas - ID personal 183 Horario ID 12 hInicio 2023-04-18 07:00 hFin 2023-04-18 12:00

[INFO] 2023-04-19 00:23:25,088 MarcajeSinAsistencia.resumen leerListas - ID personal 5 Horario ID 12 hInicio 2023-04-18 07:00 hFin 2023-04-18 12:00

[INFO] 2023-04-19 00:23:25,394 MarcajeSinAsistencia.resumen leerListas - ID personal 369 Horario ID 12 hInicio 2023-04-18 07:00 hFin 2023-04-18 12:00

[INFO] 2023-04-19 00:23:25,688 MarcajeSinAsistencia.resumen leerListas - ID personal 114 Horario ID 12 hInicio 2023-04-18 07:00 hFin 2023-04-18 12:00

[INFO] 2023-04-19 00:23:25,987 MarcajeSinAsistencia.resumen leerListas - ID personal 95 Horario ID 12 hInicio 2023-04-18 07:00 hFin 2023-04-18 12:00

[INFO] 2023-04-19 00:23:26,274 MarcajeSinAsistencia.resumen leerListas - ID personal 149 Horario ID 12 hInicio 2023-04-18 07:00 hFin 2023-04-18 12:00

[INFO] 2023-04-19 00:23:26,563 MarcajeSinAsistencia.resumen leerListas - ID personal 109 Horario ID 12 hInicio 2023-04-18 07:00 hFin 2023-04-18 12:00

[INFO] 2023-04-19 00:23:26,893 MarcajeSinAsistencia.resumen leerListas - ID personal 97 Horario ID 12 hInicio 2023-04-18 07:00 hFin 2023-04-18 12:00

[INFO] 2023-04-19 00:23:27,186 MarcajeSinAsistencia.resumen leerListas - ID personal 213 Horario ID 12 hInicio 2023-04-18 07:00 hFin 2023-04-18 12:00

[INFO] 2023-04-19 00:23:27,479 MarcajeSinAsistencia.resumen leerListas - ID personal 213 Horario ID 12 hInicio 2023-04-18 07:00 hFin 2023-04-18 12:00

[INFO] 2023-04-19 00:23:27,779 MarcajeSinAsistencia.resumen leerListas - ID personal 322 Horario ID 12 hInicio 2023-04-18 07:00 hFin 2023-04-18 12:00

[INFO] 2023-04-19 00:23:28,072 MarcajeSinAsistencia.resumen leerListas - ID personal 76 Horario ID 12 hInicio 2023-04-18 07:00 hFin 2023-04-18 12:00

[INFO] 2023-04-19 00:23:28,360 MarcajeSinAsistencia.resumen leerListas - ID personal 234 Horario ID 12 hInicio 2023-04-18 07:00 hFin 2023-04-18 12:00

[INFO] 2023-04-19 00:23:28,659 MarcajeSinAsistencia.resumen leerListas - ID personal 454 Horario ID 12 hInicio 2023-04-18 07:00 hFin 2023-04-18 12:00

[INFO] 2023-04-19 00:23:28,946 MarcajeSinAsistencia.resumen leerListas - ID personal 799 Horario ID 12 hInicio 2023-04-18 07:00 hFin 2023-04-18 12:00

[INFO] 2023-04-19 00:23:29,246 MarcajeSinAsistencia.resumen leerListas - ID personal 115 Horario ID 12 hInicio 2023-04-18 07:00 hFin 2023-04-18 12:00

[INFO] 2023-04-19 00:23:29,539 MarcajeSinAsistencia.resumen leerListas - ID personal 418 Horario ID 12 hInicio 2023-04-18 07:00 hFin 2023-04-18 12:00

[INFO] 2023-04-19 00:23:29,826 MarcajeSinAsistencia.resumen leerListas - ID personal 372 Horario ID 12 hInicio 2023-04-18 07:00 hFin 2023-04-18 12:00

[INFO] 2023-04-19 00:23:30,114 MarcajeSinAsistencia.resumen leerListas - ID personal 121 Horario ID 12 hInicio 2023-04-18 07:00 hFin 2023-04-18 12:00

[INFO] 2023-04-19 00:23:30,413 MarcajeSinAsistencia.resumen leerListas - ID personal 194 Horario ID 12 hInicio 2023-04-18 07:00 hFin 2023-04-18 12:00

[INFO] 2023-04-19 00:23:30,707 MarcajeSinAsistencia.resumen leerListas - ID personal 895 Horario ID 12 hInicio 2023-04-18 07:00 hFin 2023-04-18 12:00

[INFO] 2023-04-19 00:23:31,012 MarcajeSinAsistencia.resumen leerListas - ID personal 729 Horario ID 12 hInicio 2023-04-18 07:00 hFin 2023-04-18 12:00

[INFO] 2023-04-19 00:23:31,306 MarcajeSinAsistencia.resumen leerListas - ID personal 772 Horario ID 12 hInicio 2023-04-18 07:00 hFin 2023-04-18 12:00

[INFO] 2023-04-19 00:23:31,599 MarcajeSinAsistencia.resumen leerListas - ID personal 887 Horario ID 12 hInicio 2023-04-18 07:00 hFin 2023-04-18 12:00

[INFO] 2023-04-19 00:23:31,892 MarcajeSinAsistencia.resumen leerListas - ID personal 137 Horario ID 12 hInicio 2023-04-18 07:00 hFin 2023-04-18 12:00

[INFO] 2023-04-19 00:23:32,186 MarcajeSinAsistencia.resumen leerListas - ID personal 206 Horario ID 12 hInicio 2023-04-18 07:00 hFin 2023-04-18 12:00

[INFO] 2023-04-19 00:23:32,479 MarcajeSinAsistencia.resumen leerListas - ID personal 382 Horario ID 12 hInicio 2023-04-18 07:00 hFin 2023-04-18 12:00

[INFO] 2023-04-19 00:23:32,766 MarcajeSinAsistencia.resumen leerListas - ID personal 345 Horario ID 12 hInicio 2023-04-18 07:00 hFin 2023-04-18 12:00

[INFO] 2023-04-19 00:23:33,060 MarcajeSinAsistencia.resumen leerListas - ID personal 274 Horario ID 12 hInicio 2023-04-18 07:00 hFin 2023-04-18 12:00

[INFO] 2023-04-19 00:23:33,353 MarcajeSinAsistencia.resumen leerListas - ID personal 587 Horario ID 12 hInicio 2023-04-18 07:00 hFin 2023-04-18 12:00

[INFO] 2023-04-19 00:23:33,659 MarcajeSinAsistencia.resumen leerListas - ID personal 396 Horario ID 12 hInicio 2023-04-18 07:00 hFin 2023-04-18 12:00

[INFO] 2023-04-19 00:23:33,946 MarcajeSinAsistencia.resumen leerListas - ID personal 884 Horario ID 12 hInicio 2023-04-18 07:00 hFin 2023-04-18 12:00

[INFO] 2023-04-19 00:23:34,245 MarcajeSinAsistencia.resumen leerListas - ID personal 414 Horario ID 12 hInicio 2023-04-18 07:00 hFin 2023-04-18 12:00

[INFO] 2023-04-19 00:23:34,545 MarcajeSinAsistencia.resumen leerListas - ID personal 340 Horario ID 12 hInicio 2023-04-18 07:00 hFin 2023-04-18 12:00

[INFO] 2023-04-19 00:23:34,838 MarcajeSinAsistencia.resumen leerListas - ID personal 800 Horario ID 12 hInicio 2023-04-18 07:00 hFin 2023-04-18 12:00

[INFO] 2023-04-19 00:23:35,137 MarcajeSinAsistencia.resumen leerListas - ID personal 334 Horario ID 12 hInicio 2023-04-18 07:00 hFin 2023-04-18 12:00

[INFO] 2023-04-19 00:23:35,437 MarcajeSinAsistencia.resumen leerListas - ID personal 318 Horario ID 12 hInicio 2023-04-18 07:00 hFin 2023-04-18 12:00

[INFO] 2023-04-19 00:23:35,730 MarcajeSinAsistencia.resumen leerListas - ID personal 404 Horario ID 12 hInicio 2023-04-18 07:00 hFin 2023-04-18 12:00

[INFO] 2023-04-19 00:23:36,036 MarcajeSinAsistencia.resumen leerListas - ID personal 176 Horario ID 12 hInicio 2023-04-18 07:00 hFin 2023-04-18 12:00

[INFO] 2023-04-19 00:23:36,335 MarcajeSinAsistencia.resumen leerListas - ID personal 771 Horario ID 12 hInicio 2023-04-18 07:00 hFin 2023-04-18 12:00

[INFO] 2023-04-19 00:23:36,634 MarcajeSinAsistencia.resumen leerListas - ID personal 797 Horario ID 12 hInicio 2023-04-18 07:00 hFin 2023-04-18 12:00

[INFO] 2023-04-19 00:23:36,928 MarcajeSinAsistencia.resumen leerListas - ID personal 316 Horario ID 12 hInicio 2023-04-18 07:00 hFin 2023-04-18 12:00

[INFO] 2023-04-19 00:23:37,222 MarcajeSinAsistencia.resumen leerListas - ID personal 220 Horario ID 12 hInicio 2023-04-18 07:00 hFin 2023-04-18 12:00

[INFO] 2023-04-19 00:23:37,521 MarcajeSinAsistencia.resumen leerListas - ID personal 263 Horario ID 12 hInicio 2023-04-18 07:00 hFin 2023-04-18 12:00

[INFO] 2023-04-19 00:23:37,820 MarcajeSinAsistencia.resumen leerListas - ID personal 293 Horario ID 12 hInicio 2023-04-18 07:00 hFin 2023-04-18 12:00

[INFO] 2023-04-19 00:23:38,113 MarcajeSinAsistencia.resumen leerListas - ID personal 357 Horario ID 12 hInicio 2023-04-18 07:00 hFin 2023-04-18 12:00

[INFO] 2023-04-19 00:23:38,407 MarcajeSinAsistencia.resumen leerListas - ID personal 842 Horario ID 12 hInicio 2023-04-18 07:00 hFin 2023-04-18 12:00

[INFO] 2023-04-19 00:23:38,700 MarcajeSinAsistencia.resumen leerListas - ID personal 41 Horario ID 12 hInicio 2023-04-18 07:00 hFin 2023-04-18 12:00

[INFO] 2023-04-19 00:23:39,000 MarcajeSinAsistencia.resumen leerListas - ID personal 809 Horario ID 12 hInicio 2023-04-18 07:00 hFin 2023-04-18 12:00

[INFO] 2023-04-19 00:23:39,317 MarcajeSinAsistencia.resumen leerListas - ID personal 693 Horario ID 12 hInicio 2023-04-18 07:00 hFin 2023-04-18 12:00

[INFO] 2023-04-19 00:23:39,610 MarcajeSinAsistencia.resumen leerListas - ID personal 312 Horario ID 12 hInicio 2023-04-18 07:00 hFin 2023-04-18 12:00

[INFO] 2023-04-19 00:23:39,912 MarcajeSinAsistencia.resumen leerListas - ID personal 233 Horario ID 12 hInicio 2023-04-18 07:00 hFin 2023-04-18 12:00

[INFO] 2023-04-19 00:23:40,215 MarcajeSinAsistencia.resumen leerListas - ID personal 72 Horario ID 7 hInicio 2023-04-18 08:00 hFin 2023-04-18 16:00

[INFO] 2023-04-19 00:23:40,514 MarcajeSinAsistencia.resumen leerListas - ID personal 437 Horario ID 12 hInicio 2023-04-18 07:00 hFin 2023-04-18 12:00

[INFO] 2023-04-19 00:23:40,815 MarcajeSinAsistencia.resumen leerListas - ID personal 427 Horario ID 12 hInicio 2023-04-18 07:00 hFin 2023-04-18 12:00

[INFO] 2023-04-19 00:23:41,113 MarcajeSinAsistencia.resumen leerListas - ID personal 140 Horario ID 12 hInicio 2023-04-18 07:00 hFin 2023-04-18 12:00

[INFO] 2023-04-19 00:23:41,407 MarcajeSinAsistencia.resumen leerListas - ID personal 441 Horario ID 7 hInicio 2023-04-18 08:00 hFin 2023-04-18 16:00

[INFO] 2023-04-19 00:23:41,706 MarcajeSinAsistencia.resumen leerListas - ID personal 449 Horario ID 12 hInicio 2023-04-18 07:00 hFin 2023-04-18 12:00

[INFO] 2023-04-19 00:23:42,005 MarcajeSinAsistencia.resumen leerListas - ID personal 128 Horario ID 12 hInicio 2023-04-18 07:00 hFin 2023-04-18 12:00

[INFO] 2023-04-19 00:23:42,305 MarcajeSinAsistencia.resumen leerListas - ID personal 395 Horario ID 12 hInicio 2023-04-18 07:00 hFin 2023-04-18 12:00

[INFO] 2023-04-19 00:23:42,598 MarcajeSinAsistencia.resumen leerListas - ID personal 450 Horario ID 12 hInicio 2023-04-18 07:00 hFin 2023-04-18 12:00

[INFO] 2023-04-19 00:23:42,922 MarcajeSinAsistencia.resumen leerListas - ID personal 738 Horario ID 12 hInicio 2023-04-18 07:00 hFin 2023-04-18 12:00

[INFO] 2023-04-19 00:23:43,215 MarcajeSinAsistencia.resumen leerListas - ID personal 455 Horario ID 12 hInicio 2023-04-18 07:00 hFin 2023-04-18 12:00

[INFO] 2023-04-19 00:23:43,508 MarcajeSinAsistencia.resumen leerListas - ID personal 123 Horario ID 12 hInicio 2023-04-18 07:00 hFin 2023-04-18 12:00

[INFO] 2023-04-19 00:23:43,802 MarcajeSinAsistencia.resumen leerListas - ID personal 432 Horario ID 12 hInicio 2023-04-18 07:00 hFin 2023-04-18 12:00

[INFO] 2023-04-19 00:23:44,090 MarcajeSinAsistencia.resumen leerListas - ID personal 244 Horario ID 12 hInicio 2023-04-18 07:00 hFin 2023-04-18 12:00

[INFO] 2023-04-19 00:23:44,383 MarcajeSinAsistencia.resumen leerListas - ID personal 689 Horario ID 11 hInicio 2023-04-18 06:00 hFin 2023-04-18 15:00

[INFO] 2023-04-19 00:23:44,676 MarcajeSinAsistencia.resumen leerListas - ID personal 296 Horario ID 12 hInicio 2023-04-18 07:00 hFin 2023-04-18 12:00

[INFO] 2023-04-19 00:23:45,047 MarcajeSinAsistencia.resumen leerListas - ID personal 417 Horario ID 12 hInicio 2023-04-18 07:00 hFin 2023-04-18 12:00

[INFO] 2023-04-19 00:23:45,374 MarcajeSinAsistencia.resumen leerListas - ID personal 304 Horario ID 12 hInicio 2023-04-18 07:00 hFin 2023-04-18 12:00

[INFO] 2023-04-19 00:23:45,688 MarcajeSinAsistencia.resumen leerListas - ID personal 433 Horario ID 12 hInicio 2023-04-18 07:00 hFin 2023-04-18 12:00

[INFO] 2023-04-19 00:23:45,989 MarcajeSinAsistencia.resumen leerListas - ID personal 164 Horario ID 12 hInicio 2023-04-18 07:00 hFin 2023-04-18 12:00

[INFO] 2023-04-19 00:23:46,281 MarcajeSinAsistencia.resumen leerListas - ID personal 856 Horario ID 7 hInicio 2023-04-18 08:00 hFin 2023-04-18 16:00

[INFO] 2023-04-19 00:23:46,582 MarcajeSinAsistencia.resumen leerListas - ID personal 262 Horario ID 12 hInicio 2023-04-18 07:00 hFin 2023-04-18 12:00

[INFO] 2023-04-19 00:23:46,880 MarcajeSinAsistencia.resumen leerListas - ID personal 200 Horario ID 12 hInicio 2023-04-18 07:00 hFin 2023-04-18 12:00

[INFO] 2023-04-19 00:23:47,173 MarcajeSinAsistencia.resumen leerListas - ID personal 102 Horario ID 12 hInicio 2023-04-18 07:00 hFin 2023-04-18 12:00

[INFO] 2023-04-19 00:23:47,466 MarcajeSinAsistencia.resumen leerListas - ID personal 246 Horario ID 12 hInicio 2023-04-18 07:00 hFin 2023-04-18 12:00

[INFO] 2023-04-19 00:23:47,760 MarcajeSinAsistencia.resumen leerListas - ID personal 412 Horario ID 12 hInicio 2023-04-18 07:00 hFin 2023-04-18 12:00

[INFO] 2023-04-19 00:23:48,137 MarcajeSinAsistencia.resumen leerListas - ID personal 436 Horario ID 12 hInicio 2023-04-18 07:00 hFin 2023-04-18 12:00

[INFO] 2023-04-19 00:23:48,455 MarcajeSinAsistencia.resumen leerListas - ID personal 893 Horario ID 7 hInicio 2023-04-18 08:00 hFin 2023-04-18 16:00

[INFO] 2023-04-19 00:23:48,748 MarcajeSinAsistencia.resumen leerListas - ID personal 363 Horario ID 12 hInicio 2023-04-18 07:00 hFin 2023-04-18 12:00

[INFO] 2023-04-19 00:23:49,065 MarcajeSinAsistencia.resumen leerListas - ID personal 475 Horario ID 7 hInicio 2023-04-18 08:00 hFin 2023-04-18 16:00

[INFO] 2023-04-19 00:23:49,364 MarcajeSinAsistencia.resumen leerListas - ID personal 89 Horario ID 12 hInicio 2023-04-18 07:00 hFin 2023-04-18 12:00

[INFO] 2023-04-19 00:23:49,663 MarcajeSinAsistencia.resumen leerListas - ID personal 100 Horario ID 12 hInicio 2023-04-18 07:00 hFin 2023-04-18 12:00

[INFO] 2023-04-19 00:23:49,958 MarcajeSinAsistencia.resumen leerListas - ID personal 87 Horario ID 12 hInicio 2023-04-18 07:00 hFin 2023-04-18 12:00

[INFO] 2023-04-19 00:23:50,250 MarcajeSinAsistencia.resumen leerListas - ID personal 297 Horario ID 12 hInicio 2023-04-18 07:00 hFin 2023-04-18 12:00

[INFO] 2023-04-19 00:23:50,544 MarcajeSinAsistencia.resumen leerListas - ID personal 310 Horario ID 12 hInicio 2023-04-18 07:00 hFin 2023-04-18 12:00

[INFO] 2023-04-19 00:23:50,843 MarcajeSinAsistencia.resumen leerListas - ID personal 886 Horario ID 12 hInicio 2023-04-18 07:00 hFin 2023-04-18 12:00

[INFO] 2023-04-19 00:23:51,149 MarcajeSinAsistencia.resumen leerListas - ID personal 886 Horario ID 12 hInicio 2023-04-18 07:00 hFin 2023-04-18 12:00

[INFO] 2023-04-19 00:23:51,448 MarcajeSinAsistencia.resumen leerListas - ID personal 145 Horario ID 12 hInicio 2023-04-18 07:00 hFin 2023-04-18 12:00

[INFO] 2023-04-19 00:23:51,747 MarcajeSinAsistencia.resumen leerListas - ID personal 897 Horario ID 1 hInicio 2023-04-18 08:00 hFin 2023-04-18 17:00

[INFO] 2023-04-19 00:23:52,071 MarcajeSinAsistencia.resumen leerListas - ID personal 635 Horario ID 12 hInicio 2023-04-18 07:00 hFin 2023-04-18 12:00

[INFO] 2023-04-19 00:23:52,364 MarcajeSinAsistencia.resumen leerListas - ID personal 215 Horario ID 12 hInicio 2023-04-18 07:00 hFin 2023-04-18 12:00

[INFO] 2023-04-19 00:23:52,658 MarcajeSinAsistencia.resumen leerListas - ID personal 315 Horario ID 12 hInicio 2023-04-18 07:00 hFin 2023-04-18 12:00

[INFO] 2023-04-19 00:23:52,957 MarcajeSinAsistencia.resumen leerListas - ID personal 186 Horario ID 12 hInicio 2023-04-18 07:00 hFin 2023-04-18 12:00

[INFO] 2023-04-19 00:23:53,250 MarcajeSinAsistencia.resumen leerListas - ID personal 324 Horario ID 12 hInicio 2023-04-18 07:00 hFin 2023-04-18 12:00

[INFO] 2023-04-19 00:23:53,543 MarcajeSinAsistencia.resumen leerListas - ID personal 796 Horario ID 12 hInicio 2023-04-18 07:00 hFin 2023-04-18 12:00

[INFO] 2023-04-19 00:23:53,837 MarcajeSinAsistencia.resumen leerListas - ID personal 331 Horario ID 12 hInicio 2023-04-18 07:00 hFin 2023-04-18 12:00

[INFO] 2023-04-19 00:23:54,130 MarcajeSinAsistencia.resumen leerListas - ID personal 854 Horario ID 7 hInicio 2023-04-18 08:00 hFin 2023-04-18 16:00

[INFO] 2023-04-19 00:23:54,429 MarcajeSinAsistencia.resumen leerListas - ID personal 169 Horario ID 12 hInicio 2023-04-18 07:00 hFin 2023-04-18 12:00

[INFO] 2023-04-19 00:23:54,723 MarcajeSinAsistencia.resumen leerListas - ID personal 104 Horario ID 12 hInicio 2023-04-18 07:00 hFin 2023-04-18 12:00

[INFO] 2023-04-19 00:23:55,016 MarcajeSinAsistencia.resumen leerListas - ID personal 44 Horario ID 12 hInicio 2023-04-18 07:00 hFin 2023-04-18 12:00

[INFO] 2023-04-19 00:23:55,304 MarcajeSinAsistencia.resumen leerListas - ID personal 798 Horario ID 12 hInicio 2023-04-18 07:00 hFin 2023-04-18 12:00

[INFO] 2023-04-19 00:23:55,601 MarcajeSinAsistencia.resumen leerListas - ID personal 877 Horario ID 1 hInicio 2023-04-18 08:00 hFin 2023-04-18 17:00

[INFO] 2023-04-19 00:23:55,921 MarcajeSinAsistencia.resumen leerListas - ID personal 152 Horario ID 12 hInicio 2023-04-18 07:00 hFin 2023-04-18 12:00

[INFO] 2023-04-19 00:23:56,232 MarcajeSinAsistencia.resumen leerListas - ID personal 236 Horario ID 12 hInicio 2023-04-18 07:00 hFin 2023-04-18 12:00

[INFO] 2023-04-19 00:23:56,526 MarcajeSinAsistencia.resumen leerListas - ID personal 38 Horario ID 12 hInicio 2023-04-18 07:00 hFin 2023-04-18 12:00

[INFO] 2023-04-19 00:23:56,818 MarcajeSinAsistencia.resumen leerListas - ID personal 68 Horario ID 12 hInicio 2023-04-18 07:00 hFin 2023-04-18 12:00

[INFO] 2023-04-19 00:23:57,112 MarcajeSinAsistencia.resumen leerListas - ID personal 852 Horario ID 7 hInicio 2023-04-18 08:00 hFin 2023-04-18 16:00

[INFO] 2023-04-19 00:23:57,405 MarcajeSinAsistencia.resumen leerListas - ID personal 290 Horario ID 12 hInicio 2023-04-18 07:00 hFin 2023-04-18 12:00

[INFO] 2023-04-19 00:23:57,701 MarcajeSinAsistencia.resumen leerListas - ID personal 598 Horario ID 12 hInicio 2023-04-18 07:00 hFin 2023-04-18 12:00

[INFO] 2023-04-19 00:23:57,986 MarcajeSinAsistencia.resumen leerListas - ID personal 178 Horario ID 12 hInicio 2023-04-18 07:00 hFin 2023-04-18 12:00

[INFO] 2023-04-19 00:23:58,273 MarcajeSinAsistencia.resumen leerListas - ID personal 881 Horario ID 7 hInicio 2023-04-18 08:00 hFin 2023-04-18 16:00

[INFO] 2023-04-19 00:23:58,567 MarcajeSinAsistencia.resumen leerListas - ID personal 403 Horario ID 7 hInicio 2023-04-18 08:00 hFin 2023-04-18 16:00

[INFO] 2023-04-19 00:23:58,873 MarcajeSinAsistencia.resumen leerListas - ID personal 399 Horario ID 12 hInicio 2023-04-18 07:00 hFin 2023-04-18 12:00

[INFO] 2023-04-19 00:23:59,166 MarcajeSinAsistencia.resumen leerListas - ID personal 897 Horario ID 1 hInicio 2023-04-18 08:00 hFin 2023-04-18 17:00

[INFO] 2023-04-19 00:23:59,465 MarcajeSinAsistencia.resumen leerListas - ID personal 899 Horario ID 1 hInicio 2023-04-18 08:00 hFin 2023-04-18 17:00

[INFO] 2023-04-19 00:23:59,759 MarcajeSinAsistencia.resumen leerListas - ID personal 899 Horario ID 1 hInicio 2023-04-18 08:00 hFin 2023-04-18 17:00

[INFO] 2023-04-19 00:24:00,052 MarcajeSinAsistencia.resumen leerListas - ID personal 848 Horario ID 12 hInicio 2023-04-18 07:00 hFin 2023-04-18 12:00

[INFO] 2023-04-19 00:24:00,345 MarcajeSinAsistencia.resumen leerListas - ID personal 275 Horario ID 12 hInicio 2023-04-18 07:00 hFin 2023-04-18 12:00

[INFO] 2023-04-19 00:24:00,651 MarcajeSinAsistencia.resumen leerListas - ID personal 801 Horario ID 12 hInicio 2023-04-18 07:00 hFin 2023-04-18 12:00

[INFO] 2023-04-19 00:24:00,948 MarcajeSinAsistencia.resumen leerListas - ID personal 67 Horario ID 12 hInicio 2023-04-18 07:00 hFin 2023-04-18 12:00

[INFO] 2023-04-19 00:24:01,254 MarcajeSinAsistencia.resumen leerListas - ID personal 107 Horario ID 12 hInicio 2023-04-18 07:00 hFin 2023-04-18 12:00

[INFO] 2023-04-19 00:24:01,566 MarcajeSinAsistencia.resumen leerListas - ID personal 802 Horario ID 7 hInicio 2023-04-18 08:00 hFin 2023-04-18 16:00

[INFO] 2023-04-19 00:24:01,877 MarcajeSinAsistencia.resumen leerListas - ID personal 472 Horario ID 7 hInicio 2023-04-18 08:00 hFin 2023-04-18 16:00

[INFO] 2023-04-19 00:24:02,194 MarcajeSinAsistencia.resumen leerListas - ID personal 877 Horario ID 1 hInicio 2023-04-18 08:00 hFin 2023-04-18 17:00

[INFO] 2023-04-19 00:24:02,513 MarcajeSinAsistencia.resumen leerListas - ID personal 179 Horario ID 21 hInicio 2023-04-18 07:00 hFin 2023-04-18 19:00

[INFO] 2023-04-19 00:24:02,829 MarcajeSinAsistencia.resumen leerListas - ID personal 179 Horario ID 21 hInicio 2023-04-18 07:00 hFin 2023-04-18 19:00

[INFO] 2023-04-19 00:24:03,148 MarcajeSinAsistencia.resumen leerListas - ID personal 891 Horario ID 7 hInicio 2023-04-18 08:00 hFin 2023-04-18 16:00

[INFO] 2023-04-19 00:24:03,475 MarcajeSinAsistencia.resumen leerListas - ID personal 886 Horario ID 12 hInicio 2023-04-18 07:00 hFin 2023-04-18 12:00

[INFO] 2023-04-19 00:24:03,793 MarcajeSinAsistencia.resumen leerListas - ID personal 688 Horario ID 11 hInicio 2023-04-18 06:00 hFin 2023-04-18 15:00

[INFO] 2023-04-19 00:24:04,098 MarcajeSinAsistencia.resumen leerListas - ID personal 718 Horario ID 7 hInicio 2023-04-18 08:00 hFin 2023-04-18 16:00

[INFO] 2023-04-19 00:24:04,403 MarcajeSinAsistencia.resumen leerListas - ID personal 857 Horario ID 7 hInicio 2023-04-18 08:00 hFin 2023-04-18 16:00

[INFO] 2023-04-19 00:24:04,709 MarcajeSinAsistencia.resumen leerListas - ID personal 880 Horario ID 7 hInicio 2023-04-18 08:00 hFin 2023-04-18 16:00

[INFO] 2023-04-19 00:24:05,015 MarcajeSinAsistencia.resumen leerListas - ID personal 58 Horario ID 12 hInicio 2023-04-18 07:00 hFin 2023-04-18 12:00

[INFO] 2023-04-19 00:24:05,319 MarcajeSinAsistencia.resumen leerListas - ID personal 33 Horario ID 7 hInicio 2023-04-18 08:00 hFin 2023-04-18 16:00

[INFO] 2023-04-19 00:24:05,625 MarcajeSinAsistencia.resumen leerListas - ID personal 420 Horario ID 7 hInicio 2023-04-18 08:00 hFin 2023-04-18 16:00

[INFO] 2023-04-19 00:24:05,929 MarcajeSinAsistencia.resumen leerListas - ID personal 242 Horario ID 7 hInicio 2023-04-18 08:00 hFin 2023-04-18 16:00

[INFO] 2023-04-19 00:24:06,229 MarcajeSinAsistencia.resumen leerListas - ID personal 69 Horario ID 7 hInicio 2023-04-18 08:00 hFin 2023-04-18 16:00

[INFO] 2023-04-19 00:24:06,534 MarcajeSinAsistencia.resumen leerListas - ID personal 354 Horario ID 12 hInicio 2023-04-18 07:00 hFin 2023-04-18 12:00

[INFO] 2023-04-19 00:24:06,833 MarcajeSinAsistencia.resumen leerListas - ID personal 51 Horario ID 7 hInicio 2023-04-18 08:00 hFin 2023-04-18 16:00

[INFO] 2023-04-19 00:24:07,133 MarcajeSinAsistencia.resumen leerListas - ID personal 292 Horario ID 12 hInicio 2023-04-18 07:00 hFin 2023-04-18 12:00

[INFO] 2023-04-19 00:24:07,474 MarcajeSinAsistencia.resumen leerListas - ID personal 49 Horario ID 7 hInicio 2023-04-18 08:00 hFin 2023-04-18 16:00

[INFO] 2023-04-19 00:24:07,773 MarcajeSinAsistencia.resumen leerListas - ID personal 744 Horario ID 7 hInicio 2023-04-18 08:00 hFin 2023-04-18 16:00

[INFO] 2023-04-19 00:24:08,073 MarcajeSinAsistencia.resumen leerListas - ID personal 469 Horario ID 7 hInicio 2023-04-18 08:00 hFin 2023-04-18 16:00

[INFO] 2023-04-19 00:24:08,372 MarcajeSinAsistencia.resumen leerListas - ID personal 781 Horario ID 1 hInicio 2023-04-18 08:00 hFin 2023-04-18 17:00

[INFO] 2023-04-19 00:24:08,673 MarcajeSinAsistencia.resumen leerListas - ID personal 781 Horario ID 1 hInicio 2023-04-18 08:00 hFin 2023-04-18 17:00

[INFO] 2023-04-19 00:24:08,971 MarcajeSinAsistencia.resumen leerListas - ID personal 696 Horario ID 12 hInicio 2023-04-18 07:00 hFin 2023-04-18 12:00

[INFO] 2023-04-19 00:24:09,270 MarcajeSinAsistencia.resumen leerListas - ID personal 421 Horario ID 12 hInicio 2023-04-18 07:00 hFin 2023-04-18 12:00

[INFO] 2023-04-19 00:24:09,573 MarcajeSinAsistencia.resumen leerListas - ID personal 744 Horario ID 7 hInicio 2023-04-18 08:00 hFin 2023-04-18 16:00

[INFO] 2023-04-19 00:24:09,875 MarcajeSinAsistencia.resumen leerListas - ID personal 689 Horario ID 11 hInicio 2023-04-18 06:00 hFin 2023-04-18 15:00

[INFO] 2023-04-19 00:24:10,181 MarcajeSinAsistencia.resumen leerListas - ID personal 689 Horario ID 11 hInicio 2023-04-18 06:00 hFin 2023-04-18 15:00

[INFO] 2023-04-19 00:24:10,473 MarcajeSinAsistencia.resumen leerListas - ID personal 38 Horario ID 12 hInicio 2023-04-18 07:00 hFin 2023-04-18 12:00

[INFO] 2023-04-19 00:24:10,767 MarcajeSinAsistencia.resumen leerListas - ID personal 744 Horario ID 7 hInicio 2023-04-18 08:00 hFin 2023-04-18 16:00

[INFO] 2023-04-19 00:24:11,054 MarcajeSinAsistencia.resumen leerListas - ID personal 38 Horario ID 12 hInicio 2023-04-18 07:00 hFin 2023-04-18 12:00

[INFO] 2023-04-19 00:24:11,354 MarcajeSinAsistencia.resumen leerListas - ID personal 38 Horario ID 12 hInicio 2023-04-18 07:00 hFin 2023-04-18 12:00

[INFO] 2023-04-19 00:24:11,659 MarcajeSinAsistencia.resumen leerListas - ID personal 99 Horario ID 12 hInicio 2023-04-18 07:00 hFin 2023-04-18 12:00

[INFO] 2023-04-19 00:24:11,982 MarcajeSinAsistencia.resumen leerListas - ID personal 891 Horario ID 7 hInicio 2023-04-18 08:00 hFin 2023-04-18 16:00

[INFO] 2023-04-19 00:24:12,270 MarcajeSinAsistencia.resumen leerListas - ID personal 893 Horario ID 7 hInicio 2023-04-18 08:00 hFin 2023-04-18 16:00

[INFO] 2023-04-19 00:24:12,569 MarcajeSinAsistencia.resumen leerListas - ID personal 169 Horario ID 12 hInicio 2023-04-18 07:00 hFin 2023-04-18 12:00

[INFO] 2023-04-19 00:24:12,856 MarcajeSinAsistencia.resumen leerListas - ID personal 436 Horario ID 12 hInicio 2023-04-18 07:00 hFin 2023-04-18 12:00

[INFO] 2023-04-19 00:24:13,144 MarcajeSinAsistencia.resumen leerListas - ID personal 436 Horario ID 12 hInicio 2023-04-18 07:00 hFin 2023-04-18 12:00

[INFO] 2023-04-19 00:24:13,479 MarcajeSinAsistencia.resumen leerListas - ID personal 169 Horario ID 12 hInicio 2023-04-18 07:00 hFin 2023-04-18 12:00

[INFO] 2023-04-19 00:24:13,767 MarcajeSinAsistencia.resumen leerListas - ID personal 58 Horario ID 12 hInicio 2023-04-18 07:00 hFin 2023-04-18 12:00

[INFO] 2023-04-19 00:24:14,054 MarcajeSinAsistencia.resumen leerListas - ID personal 692 Horario ID 8 hInicio 2023-04-18 19:00 hFin 2023-04-18 07:00

[INFO] 2023-04-19 00:24:14,347 MarcajeSinAsistencia.resumen leerListas - ID personal 895 Horario ID 12 hInicio 2023-04-18 07:00 hFin 2023-04-18 12:00

[INFO] 2023-04-19 00:24:14,641 MarcajeSinAsistencia.resumen leerListas - ID personal 38 Horario ID 12 hInicio 2023-04-18 07:00 hFin 2023-04-18 12:00

[INFO] 2023-04-19 00:24:14,934 MarcajeSinAsistencia.resumen leerListas - ID personal 38 Horario ID 12 hInicio 2023-04-18 07:00 hFin 2023-04-18 12:00

[INFO] 2023-04-19 00:24:15,221 MarcajeSinAsistencia.resumen leerListas - ID personal 41 Horario ID 12 hInicio 2023-04-18 07:00 hFin 2023-04-18 12:00

[INFO] 2023-04-19 00:24:15,515 MarcajeSinAsistencia.resumen leerListas - ID personal 5 Horario ID 12 hInicio 2023-04-18 07:00 hFin 2023-04-18 12:00

[INFO] 2023-04-19 00:24:15,803 MarcajeSinAsistencia.resumen leerListas - ID personal 38 Horario ID 12 hInicio 2023-04-18 07:00 hFin 2023-04-18 12:00

[INFO] 2023-04-19 00:24:16,095 MarcajeSinAsistencia.resumen leerListas - ID personal 67 Horario ID 12 hInicio 2023-04-18 07:00 hFin 2023-04-18 12:00

[INFO] 2023-04-19 00:24:16,394 MarcajeSinAsistencia.resumen leerListas - ID personal 316 Horario ID 12 hInicio 2023-04-18 07:00 hFin 2023-04-18 12:00

[INFO] 2023-04-19 00:24:16,682 MarcajeSinAsistencia.resumen leerListas - ID personal 427 Horario ID 12 hInicio 2023-04-18 07:00 hFin 2023-04-18 12:00

[INFO] 2023-04-19 00:24:16,976 MarcajeSinAsistencia.resumen leerListas - ID personal 895 Horario ID 12 hInicio 2023-04-18 07:00 hFin 2023-04-18 12:00

[INFO] 2023-04-19 00:24:17,264 MarcajeSinAsistencia.resumen leerListas - ID personal 419 Horario ID 12 hInicio 2023-04-18 07:00 hFin 2023-04-18 12:00

[INFO] 2023-04-19 00:24:17,551 MarcajeSinAsistencia.resumen leerListas - ID personal 316 Horario ID 12 hInicio 2023-04-18 07:00 hFin 2023-04-18 12:00

[INFO] 2023-04-19 00:24:17,850 MarcajeSinAsistencia.resumen leerListas - ID personal 441 Horario ID 7 hInicio 2023-04-18 08:00 hFin 2023-04-18 16:00

[INFO] 2023-04-19 00:24:18,143 MarcajeSinAsistencia.resumen leerListas - ID personal 242 Horario ID 7 hInicio 2023-04-18 08:00 hFin 2023-04-18 16:00

[INFO] 2023-04-19 00:24:18,430 MarcajeSinAsistencia.resumen leerListas - ID personal 852 Horario ID 7 hInicio 2023-04-18 08:00 hFin 2023-04-18 16:00

[INFO] 2023-04-19 00:24:18,724 MarcajeSinAsistencia.resumen leerListas - ID personal 857 Horario ID 7 hInicio 2023-04-18 08:00 hFin 2023-04-18 16:00

[INFO] 2023-04-19 00:24:19,018 MarcajeSinAsistencia.resumen leerListas - ID personal 854 Horario ID 7 hInicio 2023-04-18 08:00 hFin 2023-04-18 16:00

[INFO] 2023-04-19 00:24:19,311 MarcajeSinAsistencia.resumen leerListas - ID personal 436 Horario ID 12 hInicio 2023-04-18 07:00 hFin 2023-04-18 12:00

[INFO] 2023-04-19 00:24:19,599 MarcajeSinAsistencia.resumen leerListas - ID personal 41 Horario ID 12 hInicio 2023-04-18 07:00 hFin 2023-04-18 12:00

[INFO] 2023-04-19 00:24:19,898 MarcajeSinAsistencia.resumen leerListas - ID personal 213 Horario ID 12 hInicio 2023-04-18 07:00 hFin 2023-04-18 12:00

[INFO] 2023-04-19 00:24:20,191 MarcajeSinAsistencia.resumen leerListas - ID personal 436 Horario ID 12 hInicio 2023-04-18 07:00 hFin 2023-04-18 12:00

[INFO] 2023-04-19 00:24:20,478 MarcajeSinAsistencia.resumen leerListas - ID personal 436 Horario ID 12 hInicio 2023-04-18 07:00 hFin 2023-04-18 12:00

[INFO] 2023-04-19 00:24:20,766 MarcajeSinAsistencia.resumen leerListas - ID personal 213 Horario ID 12 hInicio 2023-04-18 07:00 hFin 2023-04-18 12:00

[INFO] 2023-04-19 00:24:21,059 MarcajeSinAsistencia.resumen leerListas - ID personal 292 Horario ID 12 hInicio 2023-04-18 07:00 hFin 2023-04-18 12:00

[INFO] 2023-04-19 00:24:21,347 MarcajeSinAsistencia.resumen leerListas - ID personal 689 Horario ID 11 hInicio 2023-04-18 06:00 hFin 2023-04-18 15:00

[INFO] 2023-04-19 00:24:21,646 MarcajeSinAsistencia.resumen leerListas - ID personal 427 Horario ID 12 hInicio 2023-04-18 07:00 hFin 2023-04-18 12:00

[INFO] 2023-04-19 00:24:21,939 MarcajeSinAsistencia.resumen leerListas - ID personal 587 Horario ID 12 hInicio 2023-04-18 07:00 hFin 2023-04-18 12:00

[INFO] 2023-04-19 00:24:22,233 MarcajeSinAsistencia.resumen leerListas - ID personal 689 Horario ID 11 hInicio 2023-04-18 06:00 hFin 2023-04-18 15:00

[INFO] 2023-04-19 00:24:22,526 MarcajeSinAsistencia.resumen leerListas - ID personal 441 Horario ID 7 hInicio 2023-04-18 08:00 hFin 2023-04-18 16:00

[INFO] 2023-04-19 00:24:22,820 MarcajeSinAsistencia.resumen leerListas - ID personal 857 Horario ID 7 hInicio 2023-04-18 08:00 hFin 2023-04-18 16:00

[INFO] 2023-04-19 00:24:23,107 MarcajeSinAsistencia.resumen leerListas - ID personal 242 Horario ID 7 hInicio 2023-04-18 08:00 hFin 2023-04-18 16:00

[INFO] 2023-04-19 00:24:23,401 MarcajeSinAsistencia.resumen leerListas - ID personal 852 Horario ID 7 hInicio 2023-04-18 08:00 hFin 2023-04-18 16:00

[INFO] 2023-04-19 00:24:23,700 MarcajeSinAsistencia.resumen leerListas - ID personal 854 Horario ID 7 hInicio 2023-04-18 08:00 hFin 2023-04-18 16:00

[INFO] 2023-04-19 00:24:23,993 MarcajeSinAsistencia.resumen leerListas - ID personal 689 Horario ID 11 hInicio 2023-04-18 06:00 hFin 2023-04-18 15:00

[INFO] 2023-04-19 00:24:24,281 MarcajeSinAsistencia.resumen leerListas - ID personal 169 Horario ID 12 hInicio 2023-04-18 07:00 hFin 2023-04-18 12:00

[INFO] 2023-04-19 00:24:24,580 MarcajeSinAsistencia.resumen leerListas - ID personal 169 Horario ID 12 hInicio 2023-04-18 07:00 hFin 2023-04-18 12:00

[INFO] 2023-04-19 00:24:24,867 MarcajeSinAsistencia.resumen leerListas - ID personal 436 Horario ID 12 hInicio 2023-04-18 07:00 hFin 2023-04-18 12:00

[INFO] 2023-04-19 00:24:25,161 MarcajeSinAsistencia.resumen leerListas - ID personal 436 Horario ID 12 hInicio 2023-04-18 07:00 hFin 2023-04-18 12:00

[INFO] 2023-04-19 00:24:25,455 MarcajeSinAsistencia.resumen leerListas - ID personal 689 Horario ID 11 hInicio 2023-04-18 06:00 hFin 2023-04-18 15:00

[INFO] 2023-04-19 00:24:25,753 MarcajeSinAsistencia.resumen leerListas - ID personal 689 Horario ID 11 hInicio 2023-04-18 06:00 hFin 2023-04-18 15:00

[INFO] 2023-04-19 00:24:26,041 MarcajeSinAsistencia.resumen leerListas - ID personal 242 Horario ID 7 hInicio 2023-04-18 08:00 hFin 2023-04-18 16:00

[INFO] 2023-04-19 00:24:26,340 MarcajeSinAsistencia.resumen leerListas - ID personal 104 Horario ID 12 hInicio 2023-04-18 07:00 hFin 2023-04-18 12:00

[INFO] 2023-04-19 00:24:26,640 MarcajeSinAsistencia.resumen leerListas - ID personal 587 Horario ID 12 hInicio 2023-04-18 07:00 hFin 2023-04-18 12:00

[INFO] 2023-04-19 00:24:26,939 MarcajeSinAsistencia.resumen leerListas - ID personal 242 Horario ID 7 hInicio 2023-04-18 08:00 hFin 2023-04-18 16:00

[INFO] 2023-04-19 00:24:27,232 MarcajeSinAsistencia.resumen leerListas - ID personal 169 Horario ID 12 hInicio 2023-04-18 07:00 hFin 2023-04-18 12:00

[INFO] 2023-04-19 00:24:27,526 MarcajeSinAsistencia.resumen leerListas - ID personal 436 Horario ID 12 hInicio 2023-04-18 07:00 hFin 2023-04-18 12:00

[INFO] 2023-04-19 00:24:27,819 MarcajeSinAsistencia.resumen leerListas - ID personal 421 Horario ID 12 hInicio 2023-04-18 07:00 hFin 2023-04-18 12:00

[INFO] 2023-04-19 00:24:28,106 MarcajeSinAsistencia.resumen leerListas - ID personal 236 Horario ID 12 hInicio 2023-04-18 07:00 hFin 2023-04-18 12:00

[INFO] 2023-04-19 00:24:28,394 MarcajeSinAsistencia.resumen leerListas - ID personal 859 Horario ID 12 hInicio 2023-04-18 07:00 hFin 2023-04-18 12:00

[INFO] 2023-04-19 00:24:28,694 MarcajeSinAsistencia.resumen leerListas - ID personal 859 Horario ID 12 hInicio 2023-04-18 07:00 hFin 2023-04-18 12:00

[INFO] 2023-04-19 00:24:28,987 MarcajeSinAsistencia.resumen leerListas - ID personal 99 Horario ID 12 hInicio 2023-04-18 07:00 hFin 2023-04-18 12:00

[INFO] 2023-04-19 00:24:29,274 MarcajeSinAsistencia.resumen leerListas - ID personal 436 Horario ID 12 hInicio 2023-04-18 07:00 hFin 2023-04-18 12:00

[INFO] 2023-04-19 00:24:29,567 MarcajeSinAsistencia.resumen leerListas - ID personal 114 Horario ID 12 hInicio 2023-04-18 07:00 hFin 2023-04-18 12:00

[INFO] 2023-04-19 00:24:29,855 MarcajeSinAsistencia.resumen leerListas - ID personal 331 Horario ID 12 hInicio 2023-04-18 07:00 hFin 2023-04-18 12:00

[INFO] 2023-04-19 00:24:30,142 MarcajeSinAsistencia.resumen leerListas - ID personal 109 Horario ID 12 hInicio 2023-04-18 07:00 hFin 2023-04-18 12:00

[INFO] 2023-04-19 00:24:30,448 MarcajeSinAsistencia.resumen leerListas - ID personal 152 Horario ID 12 hInicio 2023-04-18 07:00 hFin 2023-04-18 12:00

[INFO] 2023-04-19 00:24:30,741 MarcajeSinAsistencia.resumen leerListas - ID personal 312 Horario ID 12 hInicio 2023-04-18 07:00 hFin 2023-04-18 12:00

[INFO] 2023-04-19 00:24:31,029 MarcajeSinAsistencia.resumen leerListas - ID personal 274 Horario ID 12 hInicio 2023-04-18 07:00 hFin 2023-04-18 12:00

[INFO] 2023-04-19 00:24:31,322 MarcajeSinAsistencia.resumen leerListas - ID personal 744 Horario ID 7 hInicio 2023-04-18 08:00 hFin 2023-04-18 16:00

[INFO] 2023-04-19 00:24:31,615 MarcajeSinAsistencia.resumen leerListas - ID personal 744 Horario ID 7 hInicio 2023-04-18 08:00 hFin 2023-04-18 16:00

[INFO] 2023-04-19 00:24:31,920 MarcajeSinAsistencia.resumen leerListas - ID personal 206 Horario ID 12 hInicio 2023-04-18 07:00 hFin 2023-04-18 12:00

[INFO] 2023-04-19 00:24:32,214 MarcajeSinAsistencia.resumen leerListas - ID personal 432 Horario ID 12 hInicio 2023-04-18 07:00 hFin 2023-04-18 12:00

[INFO] 2023-04-19 00:24:32,510 MarcajeSinAsistencia.resumen leerListas - ID personal 433 Horario ID 12 hInicio 2023-04-18 07:00 hFin 2023-04-18 12:00

[INFO] 2023-04-19 00:24:32,807 MarcajeSinAsistencia.resumen leerListas - ID personal 357 Horario ID 12 hInicio 2023-04-18 07:00 hFin 2023-04-18 12:00

[INFO] 2023-04-19 00:24:33,100 MarcajeSinAsistencia.resumen leerListas - ID personal 164 Horario ID 12 hInicio 2023-04-18 07:00 hFin 2023-04-18 12:00

[INFO] 2023-04-19 00:24:33,393 MarcajeSinAsistencia.resumen leerListas - ID personal 145 Horario ID 12 hInicio 2023-04-18 07:00 hFin 2023-04-18 12:00

[INFO] 2023-04-19 00:24:33,687 MarcajeSinAsistencia.resumen leerListas - ID personal 215 Horario ID 12 hInicio 2023-04-18 07:00 hFin 2023-04-18 12:00

[INFO] 2023-04-19 00:24:33,974 MarcajeSinAsistencia.resumen leerListas - ID personal 436 Horario ID 12 hInicio 2023-04-18 07:00 hFin 2023-04-18 12:00

[INFO] 2023-04-19 00:24:34,262 MarcajeSinAsistencia.resumen leerListas - ID personal 455 Horario ID 12 hInicio 2023-04-18 07:00 hFin 2023-04-18 12:00

[INFO] 2023-04-19 00:24:34,561 MarcajeSinAsistencia.resumen leerListas - ID personal 107 Horario ID 12 hInicio 2023-04-18 07:00 hFin 2023-04-18 12:00

[INFO] 2023-04-19 00:24:34,849 MarcajeSinAsistencia.resumen leerListas - ID personal 194 Horario ID 12 hInicio 2023-04-18 07:00 hFin 2023-04-18 12:00

[INFO] 2023-04-19 00:24:35,139 MarcajeSinAsistencia.resumen leerListas - ID personal 334 Horario ID 12 hInicio 2023-04-18 07:00 hFin 2023-04-18 12:00

[INFO] 2023-04-19 00:24:35,438 MarcajeSinAsistencia.resumen leerListas - ID personal 316 Horario ID 12 hInicio 2023-04-18 07:00 hFin 2023-04-18 12:00

[INFO] 2023-04-19 00:24:35,737 MarcajeSinAsistencia.resumen leerListas - ID personal 262 Horario ID 12 hInicio 2023-04-18 07:00 hFin 2023-04-18 12:00

[INFO] 2023-04-19 00:24:36,024 MarcajeSinAsistencia.resumen leerListas - ID personal 137 Horario ID 12 hInicio 2023-04-18 07:00 hFin 2023-04-18 12:00

[INFO] 2023-04-19 00:24:36,312 MarcajeSinAsistencia.resumen leerListas - ID personal 404 Horario ID 12 hInicio 2023-04-18 07:00 hFin 2023-04-18 12:00

[INFO] 2023-04-19 00:24:36,605 MarcajeSinAsistencia.resumen leerListas - ID personal 183 Horario ID 12 hInicio 2023-04-18 07:00 hFin 2023-04-18 12:00

[INFO] 2023-04-19 00:24:36,910 MarcajeSinAsistencia.resumen leerListas - ID personal 263 Horario ID 12 hInicio 2023-04-18 07:00 hFin 2023-04-18 12:00

[INFO] 2023-04-19 00:24:37,203 MarcajeSinAsistencia.resumen leerListas - ID personal 100 Horario ID 12 hInicio 2023-04-18 07:00 hFin 2023-04-18 12:00

[INFO] 2023-04-19 00:24:37,503 MarcajeSinAsistencia.resumen leerListas - ID personal 246 Horario ID 12 hInicio 2023-04-18 07:00 hFin 2023-04-18 12:00

[INFO] 2023-04-19 00:24:37,797 MarcajeSinAsistencia.resumen leerListas - ID personal 389 Horario ID 12 hInicio 2023-04-18 07:00 hFin 2023-04-18 12:00

[INFO] 2023-04-19 00:24:38,096 MarcajeSinAsistencia.resumen leerListas - ID personal 76 Horario ID 12 hInicio 2023-04-18 07:00 hFin 2023-04-18 12:00

[INFO] 2023-04-19 00:24:38,383 MarcajeSinAsistencia.resumen leerListas - ID personal 297 Horario ID 12 hInicio 2023-04-18 07:00 hFin 2023-04-18 12:00

[INFO] 2023-04-19 00:24:38,677 MarcajeSinAsistencia.resumen leerListas - ID personal 417 Horario ID 12 hInicio 2023-04-18 07:00 hFin 2023-04-18 12:00

[INFO] 2023-04-19 00:24:38,964 MarcajeSinAsistencia.resumen leerListas - ID personal 148 Horario ID 12 hInicio 2023-04-18 07:00 hFin 2023-04-18 12:00

[INFO] 2023-04-19 00:24:39,245 MarcajeSinAsistencia.resumen leerListas - ID personal 148 Horario ID 12 hInicio 2023-04-18 07:00 hFin 2023-04-18 12:00

[INFO] 2023-04-19 00:24:39,533 MarcajeSinAsistencia.resumen leerListas - ID personal 186 Horario ID 12 hInicio 2023-04-18 07:00 hFin 2023-04-18 12:00

[INFO] 2023-04-19 00:24:39,820 MarcajeSinAsistencia.resumen leerListas - ID personal 418 Horario ID 12 hInicio 2023-04-18 07:00 hFin 2023-04-18 12:00

[INFO] 2023-04-19 00:24:40,107 MarcajeSinAsistencia.resumen leerListas - ID personal 315 Horario ID 12 hInicio 2023-04-18 07:00 hFin 2023-04-18 12:00

[INFO] 2023-04-19 00:24:40,395 MarcajeSinAsistencia.resumen leerListas - ID personal 178 Horario ID 12 hInicio 2023-04-18 07:00 hFin 2023-04-18 12:00

[INFO] 2023-04-19 00:24:40,683 MarcajeSinAsistencia.resumen leerListas - ID personal 87 Horario ID 12 hInicio 2023-04-18 07:00 hFin 2023-04-18 12:00

[INFO] 2023-04-19 00:24:40,976 MarcajeSinAsistencia.resumen leerListas - ID personal 123 Horario ID 12 hInicio 2023-04-18 07:00 hFin 2023-04-18 12:00

[INFO] 2023-04-19 00:24:41,269 MarcajeSinAsistencia.resumen leerListas - ID personal 140 Horario ID 12 hInicio 2023-04-18 07:00 hFin 2023-04-18 12:00

[INFO] 2023-04-19 00:24:41,563 MarcajeSinAsistencia.resumen leerListas - ID personal 293 Horario ID 12 hInicio 2023-04-18 07:00 hFin 2023-04-18 12:00

[INFO] 2023-04-19 00:24:41,868 MarcajeSinAsistencia.resumen leerListas - ID personal 363 Horario ID 12 hInicio 2023-04-18 07:00 hFin 2023-04-18 12:00

[INFO] 2023-04-19 00:24:42,155 MarcajeSinAsistencia.resumen leerListas - ID personal 449 Horario ID 12 hInicio 2023-04-18 07:00 hFin 2023-04-18 12:00

[INFO] 2023-04-19 00:24:42,443 MarcajeSinAsistencia.resumen leerListas - ID personal 450 Horario ID 12 hInicio 2023-04-18 07:00 hFin 2023-04-18 12:00

[INFO] 2023-04-19 00:24:42,737 MarcajeSinAsistencia.resumen leerListas - ID personal 115 Horario ID 12 hInicio 2023-04-18 07:00 hFin 2023-04-18 12:00

[INFO] 2023-04-19 00:24:43,035 MarcajeSinAsistencia.resumen leerListas - ID personal 213 Horario ID 12 hInicio 2023-04-18 07:00 hFin 2023-04-18 12:00

[INFO] 2023-04-19 00:24:43,329 MarcajeSinAsistencia.resumen leerListas - ID personal 213 Horario ID 12 hInicio 2023-04-18 07:00 hFin 2023-04-18 12:00

[INFO] 2023-04-19 00:24:43,616 MarcajeSinAsistencia.resumen leerListas - ID personal 345 Horario ID 12 hInicio 2023-04-18 07:00 hFin 2023-04-18 12:00

[INFO] 2023-04-19 00:24:43,910 MarcajeSinAsistencia.resumen leerListas - ID personal 738 Horario ID 12 hInicio 2023-04-18 07:00 hFin 2023-04-18 12:00

[INFO] 2023-04-19 00:24:44,197 MarcajeSinAsistencia.resumen leerListas - ID personal 290 Horario ID 12 hInicio 2023-04-18 07:00 hFin 2023-04-18 12:00

[INFO] 2023-04-19 00:24:44,485 MarcajeSinAsistencia.resumen leerListas - ID personal 310 Horario ID 12 hInicio 2023-04-18 07:00 hFin 2023-04-18 12:00

[INFO] 2023-04-19 00:24:44,790 MarcajeSinAsistencia.resumen leerListas - ID personal 340 Horario ID 12 hInicio 2023-04-18 07:00 hFin 2023-04-18 12:00

[INFO] 2023-04-19 00:24:45,077 MarcajeSinAsistencia.resumen leerListas - ID personal 427 Horario ID 12 hInicio 2023-04-18 07:00 hFin 2023-04-18 12:00

[INFO] 2023-04-19 00:24:45,371 MarcajeSinAsistencia.resumen leerListas - ID personal 89 Horario ID 12 hInicio 2023-04-18 07:00 hFin 2023-04-18 12:00

[INFO] 2023-04-19 00:24:45,676 MarcajeSinAsistencia.resumen leerListas - ID personal 304 Horario ID 12 hInicio 2023-04-18 07:00 hFin 2023-04-18 12:00

[INFO] 2023-04-19 00:24:45,963 MarcajeSinAsistencia.resumen leerListas - ID personal 318 Horario ID 12 hInicio 2023-04-18 07:00 hFin 2023-04-18 12:00

[INFO] 2023-04-19 00:24:46,251 MarcajeSinAsistencia.resumen leerListas - ID personal 149 Horario ID 12 hInicio 2023-04-18 07:00 hFin 2023-04-18 12:00

[INFO] 2023-04-19 00:24:46,544 MarcajeSinAsistencia.resumen leerListas - ID personal 809 Horario ID 12 hInicio 2023-04-18 07:00 hFin 2023-04-18 12:00

[INFO] 2023-04-19 00:24:46,838 MarcajeSinAsistencia.resumen leerListas - ID personal 372 Horario ID 12 hInicio 2023-04-18 07:00 hFin 2023-04-18 12:00

[INFO] 2023-04-19 00:24:47,143 MarcajeSinAsistencia.resumen leerListas - ID personal 176 Horario ID 12 hInicio 2023-04-18 07:00 hFin 2023-04-18 12:00

[INFO] 2023-04-19 00:24:47,437 MarcajeSinAsistencia.resumen leerListas - ID personal 324 Horario ID 12 hInicio 2023-04-18 07:00 hFin 2023-04-18 12:00

[INFO] 2023-04-19 00:24:47,730 MarcajeSinAsistencia.resumen leerListas - ID personal 200 Horario ID 12 hInicio 2023-04-18 07:00 hFin 2023-04-18 12:00

[INFO] 2023-04-19 00:24:48,017 MarcajeSinAsistencia.resumen leerListas - ID personal 102 Horario ID 12 hInicio 2023-04-18 07:00 hFin 2023-04-18 12:00

[INFO] 2023-04-19 00:24:48,311 MarcajeSinAsistencia.resumen leerListas - ID personal 97 Horario ID 12 hInicio 2023-04-18 07:00 hFin 2023-04-18 12:00

[INFO] 2023-04-19 00:24:48,604 MarcajeSinAsistencia.resumen leerListas - ID personal 412 Horario ID 12 hInicio 2023-04-18 07:00 hFin 2023-04-18 12:00

[INFO] 2023-04-19 00:24:48,892 MarcajeSinAsistencia.resumen leerListas - ID personal 842 Horario ID 12 hInicio 2023-04-18 07:00 hFin 2023-04-18 12:00

[INFO] 2023-04-19 00:24:49,179 MarcajeSinAsistencia.resumen leerListas - ID personal 369 Horario ID 12 hInicio 2023-04-18 07:00 hFin 2023-04-18 12:00

[INFO] 2023-04-19 00:24:49,466 MarcajeSinAsistencia.resumen leerListas - ID personal 95 Horario ID 12 hInicio 2023-04-18 07:00 hFin 2023-04-18 12:00

[INFO] 2023-04-19 00:24:49,754 MarcajeSinAsistencia.resumen leerListas - ID personal 51 Horario ID 7 hInicio 2023-04-18 08:00 hFin 2023-04-18 16:00

[INFO] 2023-04-19 00:24:50,041 MarcajeSinAsistencia.resumen leerListas - ID personal 884 Horario ID 12 hInicio 2023-04-18 07:00 hFin 2023-04-18 12:00

[INFO] 2023-04-19 00:24:50,329 MarcajeSinAsistencia.resumen leerListas - ID personal 848 Horario ID 12 hInicio 2023-04-18 07:00 hFin 2023-04-18 12:00

[INFO] 2023-04-19 00:24:50,622 MarcajeSinAsistencia.resumen leerListas - ID personal 772 Horario ID 12 hInicio 2023-04-18 07:00 hFin 2023-04-18 12:00

[INFO] 2023-04-19 00:24:50,915 MarcajeSinAsistencia.resumen leerListas - ID personal 887 Horario ID 12 hInicio 2023-04-18 07:00 hFin 2023-04-18 12:00

[INFO] 2023-04-19 00:24:51,228 MarcajeSinAsistencia.resumen leerListas - ID personal 635 Horario ID 12 hInicio 2023-04-18 07:00 hFin 2023-04-18 12:00

[INFO] 2023-04-19 00:24:51,545 MarcajeSinAsistencia.resumen leerListas - ID personal 110 Horario ID 12 hInicio 2023-04-18 07:00 hFin 2023-04-18 12:00

[INFO] 2023-04-19 00:24:51,856 MarcajeSinAsistencia.resumen leerListas - ID personal 771 Horario ID 12 hInicio 2023-04-18 07:00 hFin 2023-04-18 12:00

[INFO] 2023-04-19 00:24:52,174 MarcajeSinAsistencia.resumen leerListas - ID personal 220 Horario ID 12 hInicio 2023-04-18 07:00 hFin 2023-04-18 12:00

[INFO] 2023-04-19 00:24:52,486 MarcajeSinAsistencia.resumen leerListas - ID personal 44 Horario ID 12 hInicio 2023-04-18 07:00 hFin 2023-04-18 12:00

[INFO] 2023-04-19 00:24:52,804 MarcajeSinAsistencia.resumen leerListas - ID personal 119 Horario ID 12 hInicio 2023-04-18 07:00 hFin 2023-04-18 12:00

[INFO] 2023-04-19 00:24:53,114 MarcajeSinAsistencia.resumen leerListas - ID personal 900 Horario ID 7 hInicio 2023-04-18 08:00 hFin 2023-04-18 16:00

[INFO] 2023-04-19 00:24:53,420 MarcajeSinAsistencia.resumen leerListas - ID personal 900 Horario ID 7 hInicio 2023-04-18 08:00 hFin 2023-04-18 16:00

[INFO] 2023-04-19 00:24:53,743 MarcajeSinAsistencia.resumen leerListas - ID personal 275 Horario ID 12 hInicio 2023-04-18 07:00 hFin 2023-04-18 12:00

[INFO] 2023-04-19 00:24:54,054 MarcajeSinAsistencia.resumen leerListas - ID personal 51 Horario ID 7 hInicio 2023-04-18 08:00 hFin 2023-04-18 16:00

[INFO] 2023-04-19 00:24:54,366 MarcajeSinAsistencia.resumen leerListas - ID personal 689 Horario ID 11 hInicio 2023-04-18 06:00 hFin 2023-04-18 15:00

[INFO] 2023-04-19 00:24:54,677 MarcajeSinAsistencia.resumen leerListas - ID personal 689 Horario ID 11 hInicio 2023-04-18 06:00 hFin 2023-04-18 15:00

[INFO] 2023-04-19 00:24:54,989 MarcajeSinAsistencia.resumen leerListas - ID personal 693 Horario ID 12 hInicio 2023-04-18 07:00 hFin 2023-04-18 12:00

[INFO] 2023-04-19 00:24:55,300 MarcajeSinAsistencia.resumen leerListas - ID personal 802 Horario ID 7 hInicio 2023-04-18 08:00 hFin 2023-04-18 16:00

[INFO] 2023-04-19 00:24:55,617 MarcajeSinAsistencia.resumen leerListas - ID personal 234 Horario ID 12 hInicio 2023-04-18 07:00 hFin 2023-04-18 12:00

[INFO] 2023-04-19 00:24:55,929 MarcajeSinAsistencia.resumen leerListas - ID personal 382 Horario ID 12 hInicio 2023-04-18 07:00 hFin 2023-04-18 12:00

[INFO] 2023-04-19 00:24:56,239 MarcajeSinAsistencia.resumen leerListas - ID personal 696 Horario ID 12 hInicio 2023-04-18 07:00 hFin 2023-04-18 12:00

[INFO] 2023-04-19 00:24:56,558 MarcajeSinAsistencia.resumen leerListas - ID personal 598 Horario ID 12 hInicio 2023-04-18 07:00 hFin 2023-04-18 12:00

[INFO] 2023-04-19 00:24:56,874 MarcajeSinAsistencia.resumen leerListas - ID personal 395 Horario ID 12 hInicio 2023-04-18 07:00 hFin 2023-04-18 12:00

[INFO] 2023-04-19 00:24:57,192 MarcajeSinAsistencia.resumen leerListas - ID personal 414 Horario ID 12 hInicio 2023-04-18 07:00 hFin 2023-04-18 12:00

[INFO] 2023-04-19 00:24:57,503 MarcajeSinAsistencia.resumen leerListas - ID personal 244 Horario ID 12 hInicio 2023-04-18 07:00 hFin 2023-04-18 12:00

[INFO] 2023-04-19 00:24:57,807 MarcajeSinAsistencia.resumen leerListas - ID personal 69 Horario ID 7 hInicio 2023-04-18 08:00 hFin 2023-04-18 16:00

[INFO] 2023-04-19 00:24:58,106 MarcajeSinAsistencia.resumen leerListas - ID personal 854 Horario ID 7 hInicio 2023-04-18 08:00 hFin 2023-04-18 16:00

[INFO] 2023-04-19 00:24:58,400 MarcajeSinAsistencia.resumen leerListas - ID personal 441 Horario ID 7 hInicio 2023-04-18 08:00 hFin 2023-04-18 16:00

[INFO] 2023-04-19 00:24:58,693 MarcajeSinAsistencia.resumen leerListas - ID personal 587 Horario ID 12 hInicio 2023-04-18 07:00 hFin 2023-04-18 12:00

[INFO] 2023-04-19 00:24:58,981 MarcajeSinAsistencia.resumen leerListas - ID personal 437 Horario ID 12 hInicio 2023-04-18 07:00 hFin 2023-04-18 12:00

[INFO] 2023-04-19 00:24:59,274 MarcajeSinAsistencia.resumen leerListas - ID personal 856 Horario ID 7 hInicio 2023-04-18 08:00 hFin 2023-04-18 16:00

[INFO] 2023-04-19 00:24:59,567 MarcajeSinAsistencia.resumen leerListas - ID personal 469 Horario ID 7 hInicio 2023-04-18 08:00 hFin 2023-04-18 16:00

[INFO] 2023-04-19 00:24:59,854 MarcajeSinAsistencia.resumen leerListas - ID personal 801 Horario ID 12 hInicio 2023-04-18 07:00 hFin 2023-04-18 12:00

[INFO] 2023-04-19 00:25:00,148 MarcajeSinAsistencia.resumen leerListas - ID personal 718 Horario ID 7 hInicio 2023-04-18 08:00 hFin 2023-04-18 16:00

[INFO] 2023-04-19 00:25:00,447 MarcajeSinAsistencia.resumen leerListas - ID personal 169 Horario ID 12 hInicio 2023-04-18 07:00 hFin 2023-04-18 12:00

[INFO] 2023-04-19 00:25:00,765 MarcajeSinAsistencia.resumen leerListas - ID personal 880 Horario ID 7 hInicio 2023-04-18 08:00 hFin 2023-04-18 16:00

[INFO] 2023-04-19 00:25:01,070 MarcajeSinAsistencia.resumen leerListas - ID personal 881 Horario ID 7 hInicio 2023-04-18 08:00 hFin 2023-04-18 16:00

[INFO] 2023-04-19 00:25:01,376 MarcajeSinAsistencia.resumen leerListas - ID personal 436 Horario ID 12 hInicio 2023-04-18 07:00 hFin 2023-04-18 12:00

[INFO] 2023-04-19 00:25:01,681 MarcajeSinAsistencia.resumen leerListas - ID personal 436 Horario ID 12 hInicio 2023-04-18 07:00 hFin 2023-04-18 12:00

[INFO] 2023-04-19 00:25:01,993 MarcajeSinAsistencia.resumen leerListas - ID personal 799 Horario ID 12 hInicio 2023-04-18 07:00 hFin 2023-04-18 12:00

[INFO] 2023-04-19 00:25:02,291 MarcajeSinAsistencia.resumen leerListas - ID personal 454 Horario ID 12 hInicio 2023-04-18 07:00 hFin 2023-04-18 12:00

[INFO] 2023-04-19 00:25:02,597 MarcajeSinAsistencia.resumen leerListas - ID personal 399 Horario ID 12 hInicio 2023-04-18 07:00 hFin 2023-04-18 12:00

[INFO] 2023-04-19 00:25:02,896 MarcajeSinAsistencia.resumen leerListas - ID personal 796 Horario ID 12 hInicio 2023-04-18 07:00 hFin 2023-04-18 12:00

[INFO] 2023-04-19 00:25:03,190 MarcajeSinAsistencia.resumen leerListas - ID personal 396 Horario ID 12 hInicio 2023-04-18 07:00 hFin 2023-04-18 12:00

[INFO] 2023-04-19 00:25:03,477 MarcajeSinAsistencia.resumen leerListas - ID personal 852 Horario ID 7 hInicio 2023-04-18 08:00 hFin 2023-04-18 16:00

[INFO] 2023-04-19 00:25:03,770 MarcajeSinAsistencia.resumen leerListas - ID personal 121 Horario ID 12 hInicio 2023-04-18 07:00 hFin 2023-04-18 12:00

[INFO] 2023-04-19 00:25:04,058 MarcajeSinAsistencia.resumen leerListas - ID personal 412 Horario ID 12 hInicio 2023-04-18 07:00 hFin 2023-04-18 12:00

[INFO] 2023-04-19 00:25:04,351 MarcajeSinAsistencia.resumen leerListas - ID personal 412 Horario ID 12 hInicio 2023-04-18 07:00 hFin 2023-04-18 12:00

[INFO] 2023-04-19 00:25:04,638 MarcajeSinAsistencia.resumen leerListas - ID personal 322 Horario ID 12 hInicio 2023-04-18 07:00 hFin 2023-04-18 12:00

[INFO] 2023-04-19 00:25:04,926 MarcajeSinAsistencia.resumen leerListas - ID personal 800 Horario ID 12 hInicio 2023-04-18 07:00 hFin 2023-04-18 12:00

[INFO] 2023-04-19 00:25:05,225 MarcajeSinAsistencia.resumen leerListas - ID personal 296 Horario ID 12 hInicio 2023-04-18 07:00 hFin 2023-04-18 12:00

[INFO] 2023-04-19 00:25:05,519 MarcajeSinAsistencia.resumen leerListas - ID personal 33 Horario ID 7 hInicio 2023-04-18 08:00 hFin 2023-04-18 16:00

[INFO] 2023-04-19 00:25:05,819 MarcajeSinAsistencia.resumen leerListas - ID personal 857 Horario ID 7 hInicio 2023-04-18 08:00 hFin 2023-04-18 16:00

[INFO] 2023-04-19 00:25:06,117 MarcajeSinAsistencia.resumen leerListas - ID personal 51 Horario ID 7 hInicio 2023-04-18 08:00 hFin 2023-04-18 16:00

[INFO] 2023-04-19 00:25:06,411 MarcajeSinAsistencia.resumen leerListas - ID personal 51 Horario ID 7 hInicio 2023-04-18 08:00 hFin 2023-04-18 16:00

[INFO] 2023-04-19 00:25:06,710 MarcajeSinAsistencia.resumen leerListas - ID personal 420 Horario ID 7 hInicio 2023-04-18 08:00 hFin 2023-04-18 16:00

[INFO] 2023-04-19 00:25:07,018 MarcajeSinAsistencia.resumen leerListas - ID personal 233 Horario ID 12 hInicio 2023-04-18 07:00 hFin 2023-04-18 12:00

[INFO] 2023-04-19 00:25:07,315 MarcajeSinAsistencia.resumen leerListas - ID personal 49 Horario ID 7 hInicio 2023-04-18 08:00 hFin 2023-04-18 16:00

[INFO] 2023-04-19 00:25:07,615 MarcajeSinAsistencia.resumen leerListas - ID personal 68 Horario ID 12 hInicio 2023-04-18 07:00 hFin 2023-04-18 12:00

[INFO] 2023-04-19 00:25:07,908 MarcajeSinAsistencia.resumen leerListas - ID personal 41 Horario ID 12 hInicio 2023-04-18 07:00 hFin 2023-04-18 12:00

[INFO] 2023-04-19 00:25:08,201 MarcajeSinAsistencia.resumen leerListas - ID personal 798 Horario ID 12 hInicio 2023-04-18 07:00 hFin 2023-04-18 12:00

[INFO] 2023-04-19 00:25:08,495 MarcajeSinAsistencia.resumen leerListas - ID personal 579 Horario ID 8 hInicio 2023-04-18 19:00 hFin 2023-04-18 07:00

[INFO] 2023-04-19 00:25:08,782 MarcajeSinAsistencia.resumen leerListas - ID personal 242 Horario ID 7 hInicio 2023-04-18 08:00 hFin 2023-04-18 16:00

[INFO] 2023-04-19 00:25:09,069 MarcajeSinAsistencia.resumen leerListas - ID personal 797 Horario ID 12 hInicio 2023-04-18 07:00 hFin 2023-04-18 12:00

[INFO] 2023-04-19 00:25:09,357 MarcajeSinAsistencia.resumen leerListas - ID personal 688 Horario ID 11 hInicio 2023-04-18 06:00 hFin 2023-04-18 15:00

[INFO] 2023-04-19 00:25:09,651 MarcajeSinAsistencia.resumen leerListas - ID personal 886 Horario ID 12 hInicio 2023-04-18 07:00 hFin 2023-04-18 12:00

[INFO] 2023-04-19 00:25:09,943 MarcajeSinAsistencia.resumen leerListas - ID personal 895 Horario ID 12 hInicio 2023-04-18 07:00 hFin 2023-04-18 12:00

[INFO] 2023-04-19 00:25:10,231 MarcajeSinAsistencia.resumen leerListas - ID personal 895 Horario ID 12 hInicio 2023-04-18 07:00 hFin 2023-04-18 12:00

[INFO] 2023-04-19 00:25:10,518 MarcajeSinAsistencia.resumen leerListas - ID personal 38 Horario ID 12 hInicio 2023-04-18 07:00 hFin 2023-04-18 12:00

[INFO] 2023-04-19 00:25:10,812 MarcajeSinAsistencia.resumen leerListas - ID personal 38 Horario ID 12 hInicio 2023-04-18 07:00 hFin 2023-04-18 12:00

[INFO] 2023-04-19 00:25:11,099 MarcajeSinAsistencia.resumen leerListas - ID personal 475 Horario ID 7 hInicio 2023-04-18 08:00 hFin 2023-04-18 16:00

[INFO] 2023-04-19 00:25:11,386 MarcajeSinAsistencia.resumen leerListas - ID personal 72 Horario ID 7 hInicio 2023-04-18 08:00 hFin 2023-04-18 16:00

[INFO] 2023-04-19 00:25:11,680 MarcajeSinAsistencia.resumen leerListas - ID personal 403 Horario ID 7 hInicio 2023-04-18 08:00 hFin 2023-04-18 16:00

[INFO] 2023-04-19 00:25:11,973 MarcajeSinAsistencia.resumen leerListas - ID personal 38 Horario ID 12 hInicio 2023-04-18 07:00 hFin 2023-04-18 12:00

[INFO] 2023-04-19 00:25:12,272 MarcajeSinAsistencia.resumen leerListas - ID personal 38 Horario ID 12 hInicio 2023-04-18 07:00 hFin 2023-04-18 12:00

[INFO] 2023-04-19 00:25:12,560 MarcajeSinAsistencia.resumen leerListas - ID personal 692 Horario ID 8 hInicio 2023-04-18 19:00 hFin 2023-04-18 07:00

[INFO] 2023-04-19 00:25:12,859 MarcajeSinAsistencia.resumen leerListas - ID personal 472 Horario ID 7 hInicio 2023-04-18 08:00 hFin 2023-04-18 16:00

[INFO] 2023-04-19 00:25:13,147 MarcajeSinAsistencia.resumen leerListas - ID personal 354 Horario ID 12 hInicio 2023-04-18 07:00 hFin 2023-04-18 12:00

[INFO] 2023-04-19 00:25:13,434 MarcajeSinAsistencia.resumen leerListas - ID personal 99 Horario ID 12 hInicio 2023-04-18 07:00 hFin 2023-04-18 12:00

[INFO] 2023-04-19 00:25:13,722 MarcajeSinAsistencia.resumen leerListas - ID personal 99 Horario ID 12 hInicio 2023-04-18 07:00 hFin 2023-04-18 12:00

[INFO] 2023-04-19 00:25:14,009 MarcajeSinAsistencia.resumen leerListas - ID personal 419 Horario ID 12 hInicio 2023-04-18 07:00 hFin 2023-04-18 12:00

[INFO] 2023-04-19 00:25:14,303 MarcajeSinAsistencia.resumen leerListas - ID personal 128 Horario ID 12 hInicio 2023-04-18 07:00 hFin 2023-04-18 12:00

[INFO] 2023-04-19 00:25:14,582 MarcajeSinAsistencia.main main - --FIN DE PROCESO: --

